#
# There is insufficient memory for the Java Runtime Environment to continue.
# Native memory allocation (malloc) failed to allocate 2226736 bytes for Chunk::new
# Possible reasons:
#   The system is out of physical RAM or swap space
#   The process is running with CompressedOops enabled, and the Java Heap may be blocking the growth of the native heap
# Possible solutions:
#   Reduce memory load on the system
#   Increase physical memory or swap space
#   Check if swap backing store is full
#   Decrease Java heap size (-Xmx/-Xms)
#   Decrease number of Java threads
#   Decrease Java thread stack sizes (-Xss)
#   Set larger code cache with -XX:ReservedCodeCacheSize=
#   JVM is running with Unscaled Compressed Oops mode in which the Java heap is
#     placed in the first 4GB address space. The Java Heap base address is the
#     maximum limit for the native heap growth. Please use -XX:HeapBaseMinAddress
#     to set the Java Heap base and to place the Java Heap above 4GB virtual address.
# This output file may be truncated or incomplete.
#
#  Out of Memory Error (allocation.cpp:389), pid=17540, tid=0x0000000000002308
#
# JRE version: OpenJDK Runtime Environment (8.0_242-b01) (build 1.8.0_242-release-1644-b01)
# Java VM: OpenJDK 64-Bit Server VM (25.242-b01 mixed mode windows-amd64 compressed oops)
# Failed to write core dump. Minidumps are not enabled by default on client versions of Windows
#

---------------  T H R E A D  ---------------

Current thread (0x0000000017e6a800):  JavaThread "C2 CompilerThread1" daemon [_thread_in_native, id=8968, stack(0x00000000195b0000,0x00000000196b0000)]

Stack: [0x00000000195b0000,0x00000000196b0000]
[error occurred during error reporting (printing stack bounds), id 0xc0000005]

Native frames: (J=compiled Java code, j=interpreted, Vv=VM code, C=native code)


Current CompileTask:
C2:   9880 1577       4       java.net.URLClassLoader$1::run (5 bytes)


---------------  P R O C E S S  ---------------

Java Threads: ( => current thread )
  0x000000001afc2800 JavaThread "File lock request listener" [_thread_in_native, id=22392, stack(0x000000001eda0000,0x000000001eea0000)]
  0x000000001afc6800 JavaThread "Cache worker for journal cache (C:\Users\PC User\.gradle\caches\journal-1)" [_thread_blocked, id=18332, stack(0x000000001eba0000,0x000000001eca0000)]
  0x000000001a505000 JavaThread "Thread-9" [_thread_blocked, id=21208, stack(0x000000001d8d0000,0x000000001d9d0000)]
  0x000000001a504000 JavaThread "Stdin handler" [_thread_blocked, id=10196, stack(0x000000001d7d0000,0x000000001d8d0000)]
  0x000000001a8b3000 JavaThread "Asynchronous log dispatcher for DefaultDaemonConnection: socket connection from /127.0.0.1:52486 to /127.0.0.1:52487" [_thread_blocked, id=13548, stack(0x000000001d6d0000,0x000000001d7d0000)]
  0x000000001a8af800 JavaThread "Daemon worker" [_thread_in_vm, id=21744, stack(0x000000001d5d0000,0x000000001d6d0000)]
  0x000000001a8b2000 JavaThread "Cancel handler" [_thread_blocked, id=22304, stack(0x000000001d4d0000,0x000000001d5d0000)]
  0x000000001b018800 JavaThread "Handler for socket connection from /127.0.0.1:52486 to /127.0.0.1:52487" [_thread_in_native, id=21712, stack(0x000000001d3d0000,0x000000001d4d0000)]
  0x000000001a6fc000 JavaThread "Daemon" [_thread_blocked, id=23544, stack(0x000000001d2d0000,0x000000001d3d0000)]
  0x000000001a6fa800 JavaThread "Daemon periodic checks" [_thread_blocked, id=2996, stack(0x000000001cfd0000,0x000000001d0d0000)]
  0x000000001a72b800 JavaThread "Incoming local TCP Connector on port 52486" [_thread_in_native, id=5832, stack(0x000000001cd90000,0x000000001ce90000)]
  0x0000000019a95800 JavaThread "Daemon health stats" [_thread_blocked, id=7472, stack(0x000000001c750000,0x000000001c850000)]
  0x00000000196d9800 JavaThread "Service Thread" daemon [_thread_blocked, id=19656, stack(0x0000000019bb0000,0x0000000019cb0000)]
  0x0000000017eb7800 JavaThread "C1 CompilerThread2" daemon [_thread_blocked, id=16848, stack(0x0000000019ab0000,0x0000000019bb0000)]
=>0x0000000017e6a800 JavaThread "C2 CompilerThread1" daemon [_thread_in_native, id=8968, stack(0x00000000195b0000,0x00000000196b0000)]
  0x0000000017e67800 JavaThread "C2 CompilerThread0" daemon [_thread_in_native, id=13616, stack(0x00000000194b0000,0x00000000195b0000)]
  0x0000000017e62800 JavaThread "Attach Listener" daemon [_thread_blocked, id=20440, stack(0x00000000193b0000,0x00000000194b0000)]
  0x0000000017e61000 JavaThread "Signal Dispatcher" daemon [_thread_blocked, id=8028, stack(0x00000000192b0000,0x00000000193b0000)]
  0x000000000323c800 JavaThread "Finalizer" daemon [_thread_blocked, id=23316, stack(0x00000000190b0000,0x00000000191b0000)]
  0x0000000017e49800 JavaThread "Reference Handler" daemon [_thread_blocked, id=12672, stack(0x0000000018fb0000,0x00000000190b0000)]
  0x000000000313e800 JavaThread "main" [_thread_blocked, id=12224, stack(0x0000000002f90000,0x0000000003090000)]

Other Threads:
  0x0000000017e26800 VMThread [stack: 0x0000000018eb0000,0x0000000018fb0000] [id=12408]
  0x0000000017ebd000 WatcherThread [stack: 0x0000000019cb0000,0x0000000019db0000] [id=20252]

VM state:not at safepoint (normal execution)

VM Mutex/Monitor currently owned by a thread: None

heap address: 0x0000000080000000, size: 2048 MB, Compressed Oops mode: 32-bit
Narrow klass base: 0x0000000000000000, Narrow klass shift: 3
Compressed class space size: 1073741824 Address: 0x0000000100000000

Heap:
 PSYoungGen      total 37888K, used 8711K [0x00000000d5580000, 0x00000000d7f80000, 0x0000000100000000)
  eden space 32768K, 11% used [0x00000000d5580000,0x00000000d5908160,0x00000000d7580000)
  from space 5120K, 99% used [0x00000000d7a80000,0x00000000d7f79c60,0x00000000d7f80000)
  to   space 5120K, 0% used [0x00000000d7580000,0x00000000d7580000,0x00000000d7a80000)
 ParOldGen       total 86016K, used 2762K [0x0000000080000000, 0x0000000085400000, 0x00000000d5580000)
  object space 86016K, 3% used [0x0000000080000000,0x00000000802b2ae0,0x0000000085400000)
 Metaspace       used 14723K, capacity 15222K, committed 15488K, reserved 1062912K
  class space    used 1996K, capacity 2153K, committed 2176K, reserved 1048576K

Card table byte_map: [0x0000000012600000,0x0000000012a10000] byte_map_base: 0x0000000012200000

Marking Bits: (ParMarkBitMap*) 0x000000007022f030
 Begin Bits: [0x00000000130c0000, 0x00000000150c0000)
 End Bits:   [0x00000000150c0000, 0x00000000170c0000)

Polling page: 0x0000000002eb0000

CodeCache: size=245760Kb used=5528Kb max_used=5537Kb free=240231Kb
 bounds [0x0000000003240000, 0x00000000037b0000, 0x0000000012240000]
 total_blobs=1924 nmethods=1541 adapters=296
 compilation: enabled

Compilation events (10 events):
Event: 9.276 Thread 0x0000000017eb7800 1575       1       org.gradle.internal.service.DefaultServiceRegistry::access$1600 (5 bytes)
Event: 9.276 Thread 0x0000000017eb7800 nmethod 1575 0x00000000033ca450 code [0x00000000033ca5a0, 0x00000000033ca690]
Event: 9.278 Thread 0x0000000017e67800 1576       4       java.util.jar.JarFile::maybeInstantiateVerifier (96 bytes)
Event: 9.281 Thread 0x0000000017e6a800 1577       4       java.net.URLClassLoader$1::run (5 bytes)
Event: 9.288 Thread 0x0000000017e67800 nmethod 1576 0x00000000037abf50 code [0x00000000037ac0e0, 0x00000000037ac538]
Event: 9.288 Thread 0x0000000017e67800 1578   !   4       java.net.URLClassLoader$1::run (63 bytes)
Event: 9.422 Thread 0x0000000017eb7800 1579       3       java.util.AbstractQueue::<init> (5 bytes)
Event: 9.422 Thread 0x0000000017eb7800 nmethod 1579 0x00000000033db0d0 code [0x00000000033db240, 0x00000000033db450]
Event: 9.593 Thread 0x0000000017eb7800 1580       3       java.util.zip.Inflater::finalize (5 bytes)
Event: 9.593 Thread 0x0000000017eb7800 nmethod 1580 0x00000000033dad10 code [0x00000000033dae80, 0x00000000033db028]

GC Heap History (8 events):
Event: 3.311 GC heap before
{Heap before GC invocations=1 (full 0):
 PSYoungGen      total 37888K, used 32768K [0x00000000d5580000, 0x00000000d7f80000, 0x0000000100000000)
  eden space 32768K, 100% used [0x00000000d5580000,0x00000000d7580000,0x00000000d7580000)
  from space 5120K, 0% used [0x00000000d7a80000,0x00000000d7a80000,0x00000000d7f80000)
  to   space 5120K, 0% used [0x00000000d7580000,0x00000000d7580000,0x00000000d7a80000)
 ParOldGen       total 86016K, used 0K [0x0000000080000000, 0x0000000085400000, 0x00000000d5580000)
  object space 86016K, 0% used [0x0000000080000000,0x0000000080000000,0x0000000085400000)
 Metaspace       used 7565K, capacity 7838K, committed 8064K, reserved 1056768K
  class space    used 929K, capacity 1037K, committed 1152K, reserved 1048576K
Event: 3.328 GC heap after
Heap after GC invocations=1 (full 0):
 PSYoungGen      total 37888K, used 4489K [0x00000000d5580000, 0x00000000d7f80000, 0x0000000100000000)
  eden space 32768K, 0% used [0x00000000d5580000,0x00000000d5580000,0x00000000d7580000)
  from space 5120K, 87% used [0x00000000d7580000,0x00000000d79e26e0,0x00000000d7a80000)
  to   space 5120K, 0% used [0x00000000d7a80000,0x00000000d7a80000,0x00000000d7f80000)
 ParOldGen       total 86016K, used 8K [0x0000000080000000, 0x0000000085400000, 0x00000000d5580000)
  object space 86016K, 0% used [0x0000000080000000,0x0000000080002000,0x0000000085400000)
 Metaspace       used 7565K, capacity 7838K, committed 8064K, reserved 1056768K
  class space    used 929K, capacity 1037K, committed 1152K, reserved 1048576K
}
Event: 4.731 GC heap before
{Heap before GC invocations=2 (full 0):
 PSYoungGen      total 37888K, used 37257K [0x00000000d5580000, 0x00000000d7f80000, 0x0000000100000000)
  eden space 32768K, 100% used [0x00000000d5580000,0x00000000d7580000,0x00000000d7580000)
  from space 5120K, 87% used [0x00000000d7580000,0x00000000d79e26e0,0x00000000d7a80000)
  to   space 5120K, 0% used [0x00000000d7a80000,0x00000000d7a80000,0x00000000d7f80000)
 ParOldGen       total 86016K, used 8K [0x0000000080000000, 0x0000000085400000, 0x00000000d5580000)
  object space 86016K, 0% used [0x0000000080000000,0x0000000080002000,0x0000000085400000)
 Metaspace       used 7757K, capacity 8030K, committed 8320K, reserved 1056768K
  class space    used 938K, capacity 1037K, committed 1152K, reserved 1048576K
Event: 4.740 GC heap after
Heap after GC invocations=2 (full 0):
 PSYoungGen      total 37888K, used 3185K [0x00000000d5580000, 0x00000000d7f80000, 0x0000000100000000)
  eden space 32768K, 0% used [0x00000000d5580000,0x00000000d5580000,0x00000000d7580000)
  from space 5120K, 62% used [0x00000000d7a80000,0x00000000d7d9c5d8,0x00000000d7f80000)
  to   space 5120K, 0% used [0x00000000d7580000,0x00000000d7580000,0x00000000d7a80000)
 ParOldGen       total 86016K, used 16K [0x0000000080000000, 0x0000000085400000, 0x00000000d5580000)
  object space 86016K, 0% used [0x0000000080000000,0x0000000080004000,0x0000000085400000)
 Metaspace       used 7757K, capacity 8030K, committed 8320K, reserved 1056768K
  class space    used 938K, capacity 1037K, committed 1152K, reserved 1048576K
}
Event: 7.914 GC heap before
{Heap before GC invocations=3 (full 0):
 PSYoungGen      total 37888K, used 35953K [0x00000000d5580000, 0x00000000d7f80000, 0x0000000100000000)
  eden space 32768K, 100% used [0x00000000d5580000,0x00000000d7580000,0x00000000d7580000)
  from space 5120K, 62% used [0x00000000d7a80000,0x00000000d7d9c5d8,0x00000000d7f80000)
  to   space 5120K, 0% used [0x00000000d7580000,0x00000000d7580000,0x00000000d7a80000)
 ParOldGen       total 86016K, used 16K [0x0000000080000000, 0x0000000085400000, 0x00000000d5580000)
  object space 86016K, 0% used [0x0000000080000000,0x0000000080004000,0x0000000085400000)
 Metaspace       used 11397K, capacity 11658K, committed 11904K, reserved 1058816K
  class space    used 1500K, capacity 1607K, committed 1664K, reserved 1048576K
Event: 7.937 GC heap after
Heap after GC invocations=3 (full 0):
 PSYoungGen      total 37888K, used 5120K [0x00000000d5580000, 0x00000000d7f80000, 0x0000000100000000)
  eden space 32768K, 0% used [0x00000000d5580000,0x00000000d5580000,0x00000000d7580000)
  from space 5120K, 100% used [0x00000000d7580000,0x00000000d7a80000,0x00000000d7a80000)
  to   space 5120K, 0% used [0x00000000d7a80000,0x00000000d7a80000,0x00000000d7f80000)
 ParOldGen       total 86016K, used 595K [0x0000000080000000, 0x0000000085400000, 0x00000000d5580000)
  object space 86016K, 0% used [0x0000000080000000,0x0000000080094eb8,0x0000000085400000)
 Metaspace       used 11397K, capacity 11658K, committed 11904K, reserved 1058816K
  class space    used 1500K, capacity 1607K, committed 1664K, reserved 1048576K
}
Event: 9.581 GC heap before
{Heap before GC invocations=4 (full 0):
 PSYoungGen      total 37888K, used 37888K [0x00000000d5580000, 0x00000000d7f80000, 0x0000000100000000)
  eden space 32768K, 100% used [0x00000000d5580000,0x00000000d7580000,0x00000000d7580000)
  from space 5120K, 100% used [0x00000000d7580000,0x00000000d7a80000,0x00000000d7a80000)
  to   space 5120K, 0% used [0x00000000d7a80000,0x00000000d7a80000,0x00000000d7f80000)
 ParOldGen       total 86016K, used 595K [0x0000000080000000, 0x0000000085400000, 0x00000000d5580000)
  object space 86016K, 0% used [0x0000000080000000,0x0000000080094eb8,0x0000000085400000)
 Metaspace       used 14498K, capacity 15030K, committed 15232K, reserved 1062912K
  class space    used 1981K, capacity 2153K, committed 2176K, reserved 1048576K
Event: 9.592 GC heap after
Heap after GC invocations=4 (full 0):
 PSYoungGen      total 37888K, used 5095K [0x00000000d5580000, 0x00000000d7f80000, 0x0000000100000000)
  eden space 32768K, 0% used [0x00000000d5580000,0x00000000d5580000,0x00000000d7580000)
  from space 5120K, 99% used [0x00000000d7a80000,0x00000000d7f79c60,0x00000000d7f80000)
  to   space 5120K, 0% used [0x00000000d7580000,0x00000000d7580000,0x00000000d7a80000)
 ParOldGen       total 86016K, used 2762K [0x0000000080000000, 0x0000000085400000, 0x00000000d5580000)
  object space 86016K, 3% used [0x0000000080000000,0x00000000802b2ae0,0x0000000085400000)
 Metaspace       used 14498K, capacity 15030K, committed 15232K, reserved 1062912K
  class space    used 1981K, capacity 2153K, committed 2176K, reserved 1048576K
}

Deoptimization events (10 events):
Event: 8.191 Thread 0x000000001a6fc000 Uncommon trap: reason=unstable_if action=reinterpret pc=0x000000000370f44c method=java.io.DataInputStream.readUTF(Ljava/io/DataInput;)Ljava/lang/String; @ 31
Event: 8.236 Thread 0x000000001a8af800 Uncommon trap: reason=bimorphic action=maybe_recompile pc=0x000000000353b3cc method=java.util.HashMap.putVal(ILjava/lang/Object;Ljava/lang/Object;ZZ)Ljava/lang/Object; @ 253
Event: 8.236 Thread 0x000000001a8af800 Uncommon trap: reason=bimorphic action=maybe_recompile pc=0x000000000353b3cc method=java.util.HashMap.putVal(ILjava/lang/Object;Ljava/lang/Object;ZZ)Ljava/lang/Object; @ 253
Event: 8.236 Thread 0x000000001a8af800 Uncommon trap: reason=bimorphic action=maybe_recompile pc=0x000000000353b3cc method=java.util.HashMap.putVal(ILjava/lang/Object;Ljava/lang/Object;ZZ)Ljava/lang/Object; @ 253
Event: 8.236 Thread 0x000000001a8af800 Uncommon trap: reason=bimorphic action=maybe_recompile pc=0x000000000353b3cc method=java.util.HashMap.putVal(ILjava/lang/Object;Ljava/lang/Object;ZZ)Ljava/lang/Object; @ 253
Event: 8.237 Thread 0x000000001a8af800 Uncommon trap: reason=bimorphic action=maybe_recompile pc=0x000000000353c42c method=java.util.HashMap.putVal(ILjava/lang/Object;Ljava/lang/Object;ZZ)Ljava/lang/Object; @ 253
Event: 9.125 Thread 0x000000001a8af800 Uncommon trap: reason=class_check action=maybe_recompile pc=0x00000000035b6518 method=java.util.regex.Matcher.match(II)Z @ 86
Event: 9.202 Thread 0x000000001a8af800 Uncommon trap: reason=class_check action=maybe_recompile pc=0x00000000035b6518 method=java.util.regex.Matcher.match(II)Z @ 86
Event: 9.203 Thread 0x000000001a8af800 Uncommon trap: reason=class_check action=maybe_recompile pc=0x00000000035b6518 method=java.util.regex.Matcher.match(II)Z @ 86
Event: 9.203 Thread 0x000000001a8af800 Uncommon trap: reason=class_check action=maybe_recompile pc=0x00000000034113cc method=java.util.regex.Matcher.match(II)Z @ 86

Classes redefined (0 events):
No events

Internal exceptions (10 events):
Event: 2.702 Thread 0x000000000313e800 Exception <a 'java/lang/ArrayIndexOutOfBoundsException'> (0x00000000d6be2570) thrown at [C:\src\AOSP-openjdk-git\hotspot\src\share\vm\runtime\sharedRuntime.cpp, line 605]
Event: 2.707 Thread 0x000000000313e800 Exception <a 'java/lang/ArrayIndexOutOfBoundsException'> (0x00000000d6bf98c8) thrown at [C:\src\AOSP-openjdk-git\hotspot\src\share\vm\runtime\sharedRuntime.cpp, line 605]
Event: 7.882 Thread 0x000000000313e800 Exception <a 'java/io/IOException'> (0x00000000d74fb0c0) thrown at [C:\src\AOSP-openjdk-git\hotspot\src\share\vm\prims\jni.cpp, line 710]
Event: 8.046 Thread 0x000000001b018800 Exception <a 'java/lang/NoSuchMethodError': <clinit>> (0x00000000d567da30) thrown at [C:\src\AOSP-openjdk-git\hotspot\src\share\vm\prims\jni.cpp, line 1615]
Event: 8.048 Thread 0x000000001b018800 Exception <a 'java/lang/NoSuchMethodError': <clinit>> (0x00000000d5687138) thrown at [C:\src\AOSP-openjdk-git\hotspot\src\share\vm\prims\jni.cpp, line 1615]
Event: 8.052 Thread 0x000000001b018800 Exception <a 'java/lang/NoSuchMethodError': <clinit>> (0x00000000d56be1b0) thrown at [C:\src\AOSP-openjdk-git\hotspot\src\share\vm\prims\jni.cpp, line 1615]
Event: 8.104 Thread 0x000000001b018800 Exception <a 'java/lang/NoSuchMethodError': <clinit>> (0x00000000d572b360) thrown at [C:\src\AOSP-openjdk-git\hotspot\src\share\vm\prims\jni.cpp, line 1615]
Event: 8.140 Thread 0x000000001b018800 Exception <a 'java/lang/NoSuchMethodError': <clinit>> (0x00000000d57658d0) thrown at [C:\src\AOSP-openjdk-git\hotspot\src\share\vm\prims\jni.cpp, line 1615]
Event: 8.151 Thread 0x000000001b018800 Exception <a 'java/lang/NoSuchMethodError': <clinit>> (0x00000000d579b9f8) thrown at [C:\src\AOSP-openjdk-git\hotspot\src\share\vm\prims\jni.cpp, line 1615]
Event: 8.154 Thread 0x000000001b018800 Exception <a 'java/lang/NoSuchMethodError': <clinit>> (0x00000000d57a7f58) thrown at [C:\src\AOSP-openjdk-git\hotspot\src\share\vm\prims\jni.cpp, line 1615]

Events (10 events):
Event: 9.615 loading class kotlin/collections/CollectionsKt__CollectionsKt
Event: 9.615 loading class kotlin/collections/CollectionsKt__CollectionsKt done
Event: 9.616 loading class kotlin/collections/CollectionsKt__CollectionsJVMKt
Event: 9.616 loading class kotlin/collections/CollectionsKt__CollectionsJVMKt done
Event: 9.617 loading class kotlin/TypeCastException
Event: 9.617 loading class kotlin/TypeCastException done
Event: 9.618 loading class kotlin/collections/ArraysKt
Event: 9.618 loading class kotlin/collections/ArraysKt done
Event: 9.618 loading class kotlin/collections/ArraysKt___ArraysKt
Event: 9.618 loading class kotlin/collections/ArraysKt___ArraysKt done


Dynamic libraries:
0x00007ff703b30000 - 0x00007ff703b61000 	C:\Program Files\Android\Android Studio\jre\bin\java.exe
0x00007ffe07c90000 - 0x00007ffe07e85000 	C:\WINDOWS\SYSTEM32\ntdll.dll
0x00007ffe07a30000 - 0x00007ffe07aed000 	C:\WINDOWS\System32\KERNEL32.DLL
0x00007ffe055e0000 - 0x00007ffe058a9000 	C:\WINDOWS\System32\KERNELBASE.dll
0x00007ffe07230000 - 0x00007ffe072dc000 	C:\WINDOWS\System32\ADVAPI32.dll
0x00007ffe07990000 - 0x00007ffe07a2e000 	C:\WINDOWS\System32\msvcrt.dll
0x00007ffe05f20000 - 0x00007ffe05fbc000 	C:\WINDOWS\System32\sechost.dll
0x00007ffe07b20000 - 0x00007ffe07c4b000 	C:\WINDOWS\System32\RPCRT4.dll
0x00007ffe077e0000 - 0x00007ffe07980000 	C:\WINDOWS\System32\USER32.dll
0x00007ffe05930000 - 0x00007ffe05952000 	C:\WINDOWS\System32\win32u.dll
0x00007ffe07af0000 - 0x00007ffe07b1a000 	C:\WINDOWS\System32\GDI32.dll
0x00007ffe05470000 - 0x00007ffe0557b000 	C:\WINDOWS\System32\gdi32full.dll
0x00007ffe053d0000 - 0x00007ffe0546d000 	C:\WINDOWS\System32\msvcp_win.dll
0x00007ffe05b70000 - 0x00007ffe05c70000 	C:\WINDOWS\System32\ucrtbase.dll
0x00007ffdf8e60000 - 0x00007ffdf90fa000 	C:\WINDOWS\WinSxS\amd64_microsoft.windows.common-controls_6595b64144ccf1df_6.0.19041.844_none_ca00b6081b84eb1d\COMCTL32.dll
0x00007ffe065f0000 - 0x00007ffe06620000 	C:\WINDOWS\System32\IMM32.DLL
0x00000000714d0000 - 0x00000000715a2000 	C:\Program Files\Android\Android Studio\jre\jre\bin\msvcr100.dll
0x000000006fa60000 - 0x00000000702ab000 	C:\Program Files\Android\Android Studio\jre\jre\bin\server\jvm.dll
0x00007ffe05fc0000 - 0x00007ffe05fc8000 	C:\WINDOWS\System32\PSAPI.DLL
0x00007ffdfc390000 - 0x00007ffdfc3b7000 	C:\WINDOWS\SYSTEM32\WINMM.dll
0x00007ffdfa420000 - 0x00007ffdfa42a000 	C:\WINDOWS\SYSTEM32\VERSION.dll
0x00007ffdff5c0000 - 0x00007ffdff5c9000 	C:\WINDOWS\SYSTEM32\WSOCK32.dll
0x00007ffe067e0000 - 0x00007ffe0684b000 	C:\WINDOWS\System32\ws2_32.DLL
0x00007ffdfe800000 - 0x00007ffdfe80f000 	C:\Program Files\Android\Android Studio\jre\jre\bin\verify.dll
0x00007ffdd65f0000 - 0x00007ffdd6619000 	C:\Program Files\Android\Android Studio\jre\jre\bin\java.dll
0x00007ffdd63e0000 - 0x00007ffdd63f6000 	C:\Program Files\Android\Android Studio\jre\jre\bin\zip.dll
0x00007ffe06ae0000 - 0x00007ffe07222000 	C:\WINDOWS\System32\SHELL32.dll
0x00007ffe033e0000 - 0x00007ffe03b70000 	C:\WINDOWS\SYSTEM32\windows.storage.dll
0x00007ffe07480000 - 0x00007ffe077d5000 	C:\WINDOWS\System32\combase.dll
0x00007ffe04d70000 - 0x00007ffe04d9c000 	C:\WINDOWS\SYSTEM32\Wldp.dll
0x00007ffe066a0000 - 0x00007ffe0674e000 	C:\WINDOWS\System32\SHCORE.dll
0x00007ffe073c0000 - 0x00007ffe07415000 	C:\WINDOWS\System32\shlwapi.dll
0x00007ffe05310000 - 0x00007ffe0532f000 	C:\WINDOWS\SYSTEM32\profapi.dll
0x00007ffdd4c30000 - 0x00007ffdd4c4a000 	C:\Program Files\Android\Android Studio\jre\jre\bin\net.dll
0x00007ffe04af0000 - 0x00007ffe04b5a000 	C:\WINDOWS\system32\mswsock.dll
0x00007ffdd2c80000 - 0x00007ffdd2c93000 	C:\Program Files\Android\Android Studio\jre\jre\bin\nio.dll
0x00007ffdff990000 - 0x00007ffdff9b7000 	C:\Users\PC User\.gradle\native\f6784746aeab05261644944871eae4fe03e0ef1612fff0a4a95f87b438bc6780\windows-amd64\native-platform.dll
0x00007ffdffba0000 - 0x00007ffdffbad000 	C:\Program Files\Android\Android Studio\jre\jre\bin\management.dll
0x00007ffe04cc0000 - 0x00007ffe04cd8000 	C:\WINDOWS\SYSTEM32\CRYPTSP.dll
0x00007ffe04490000 - 0x00007ffe044c4000 	C:\WINDOWS\system32\rsaenh.dll
0x00007ffe05c70000 - 0x00007ffe05c97000 	C:\WINDOWS\System32\bcrypt.dll
0x00007ffe052d0000 - 0x00007ffe052fe000 	C:\WINDOWS\SYSTEM32\USERENV.dll
0x00007ffe058b0000 - 0x00007ffe05930000 	C:\WINDOWS\System32\bcryptprimitives.dll
0x00007ffe04ce0000 - 0x00007ffe04cec000 	C:\WINDOWS\SYSTEM32\CRYPTBASE.dll
0x00007ffe047e0000 - 0x00007ffe0481b000 	C:\WINDOWS\SYSTEM32\IPHLPAPI.DLL
0x00007ffe07980000 - 0x00007ffe07988000 	C:\WINDOWS\System32\NSI.dll
0x00007ffdfe940000 - 0x00007ffdfe957000 	C:\WINDOWS\SYSTEM32\dhcpcsvc6.DLL
0x00007ffdfec40000 - 0x00007ffdfec5d000 	C:\WINDOWS\SYSTEM32\dhcpcsvc.DLL
0x00007ffe04820000 - 0x00007ffe048eb000 	C:\WINDOWS\SYSTEM32\DNSAPI.dll
0x00007ffdff2d0000 - 0x00007ffdff2db000 	C:\WINDOWS\SYSTEM32\WINNSI.DLL

VM Arguments:
jvm_args: -Xmx2048m -Dfile.encoding=UTF-8 -Duser.country=PH -Duser.language=en -Duser.variant 
java_command: org.gradle.launcher.daemon.bootstrap.GradleDaemon 6.5
java_class_path (initial): C:\Users\PC User\.gradle\wrapper\dists\gradle-6.5-bin\6nifqtx7604sqp1q6g8wikw7p\gradle-6.5\lib\gradle-launcher-6.5.jar
Launcher Type: SUN_STANDARD

Environment Variables:
PATH=C:\WINDOWS\system32;C:\WINDOWS;C:\WINDOWS\System32\Wbem;C:\WINDOWS\System32\WindowsPowerShell\v1.0\;C:\WINDOWS\System32\OpenSSH\;C:\Program Files\dotnet\;C:\Program Files\Microsoft SQL Server\130\Tools\Binn\;C:\Program Files\Microsoft SQL Server\Client SDK\ODBC\170\Tools\Binn\;C:\Program Files (x86)\Microsoft SQL Server\140\Tools\Binn\;C:\Program Files\Microsoft SQL Server\140\Tools\Binn\;C:\Program Files (x86)\Microsoft SQL Server\140\DTS\Binn\;C:\Program Files\Microsoft SQL Server\140\DTS\Binn\;C:\Program Files\Microsoft SQL Server\Client SDK\ODBC\130\Tools\Binn\;C:\Program Files (x86)\Microsoft SQL Server\150\DTS\Binn\;C:\Program Files (x86)\Microsoft SQL Server\150\Tools\Binn\;C:\Program Files\Microsoft SQL Server\150\Tools\Binn\;C:\Program Files\Microsoft SQL Server\150\DTS\Binn\;C:\Program Files\Azure Data Studio\bin;C:\Users\PC User\AppData\Local\Microsoft\WindowsApps;C:\Users\PC User\.dotnet\tools;C:\Users\PC User\AppData\Local\Microsoft\WindowsApps;;C:\Program Files\Azure Data Studio\bin
USERNAME=PC User
OS=Windows_NT
PROCESSOR_IDENTIFIER=Intel64 Family 6 Model 58 Stepping 9, GenuineIntel



---------------  S Y S T E M  ---------------

OS: Windows 10.0 , 64 bit Build 19041 (10.0.19041.804)

CPU:total 4 (initial active 4) (2 cores per cpu, 2 threads per core) family 6 model 58 stepping 9, cmov, cx8, fxsr, mmx, sse, sse2, sse3, ssse3, sse4.1, sse4.2, popcnt, avx, aes, clmul, erms, ht, tsc, tscinvbit, tscinv

Memory: 4k page, physical 8203112k(295124k free), swap 33368936k(4488k free)

vm_info: OpenJDK 64-Bit Server VM (25.242-b01) for windows-amd64 JRE (1.8.0_242-release-1644-b01), built by "builder" with MS VC++ 10.0 (VS2010)

time: Sun Mar 28 07:49:14 2021
timezone: Malay Peninsula Standard Time
elapsed time: 9 seconds (0d 0h 0m 9s)

