#
# There is insufficient memory for the Java Runtime Environment to continue.
# Native memory allocation (malloc) failed to allocate 32744 bytes for ChunkPool::allocate
# Possible reasons:
#   The system is out of physical RAM or swap space
#   The process is running with CompressedOops enabled, and the Java Heap may be blocking the growth of the native heap
# Possible solutions:
#   Reduce memory load on the system
#   Increase physical memory or swap space
#   Check if swap backing store is full
#   Decrease Java heap size (-Xmx/-Xms)
#   Decrease number of Java threads
#   Decrease Java thread stack sizes (-Xss)
#   Set larger code cache with -XX:ReservedCodeCacheSize=
#   JVM is running with Unscaled Compressed Oops mode in which the Java heap is
#     placed in the first 4GB address space. The Java Heap base address is the
#     maximum limit for the native heap growth. Please use -XX:HeapBaseMinAddress
#     to set the Java Heap base and to place the Java Heap above 4GB virtual address.
# This output file may be truncated or incomplete.
#
#  Out of Memory Error (allocation.cpp:272), pid=10412, tid=0x0000000000001d6c
#
# JRE version: OpenJDK Runtime Environment (8.0_242-b01) (build 1.8.0_242-release-1644-b01)
# Java VM: OpenJDK 64-Bit Server VM (25.242-b01 mixed mode windows-amd64 compressed oops)
# Failed to write core dump. Minidumps are not enabled by default on client versions of Windows
#

---------------  T H R E A D  ---------------

Current thread (0x000000001b78e800):  JavaThread "Daemon worker" [_thread_in_vm, id=7532, stack(0x000000001d5c0000,0x000000001d6c0000)]

Stack: [0x000000001d5c0000,0x000000001d6c0000]
[error occurred during error reporting (printing stack bounds), id 0xc0000005]

Native frames: (J=compiled Java code, j=interpreted, Vv=VM code, C=native code)

Java frames: (J=compiled Java code, j=interpreted, Vv=VM code)
J 563  java.lang.Throwable.fillInStackTrace(I)Ljava/lang/Throwable; (0 bytes) @ 0x000000000347907b [0x0000000003479040+0x3b]
J 565 C1 java.lang.Throwable.<init>(Ljava/lang/String;Ljava/lang/Throwable;)V (39 bytes) @ 0x000000000347e264 [0x000000000347df20+0x344]
J 543 C1 java.lang.ReflectiveOperationException.<init>(Ljava/lang/String;Ljava/lang/Throwable;)V (7 bytes) @ 0x0000000003470144 [0x0000000003470080+0xc4]
J 1517 C2 java.net.URLClassLoader.findClass(Ljava/lang/String;)Ljava/lang/Class; (47 bytes) @ 0x000000000374d02c [0x000000000374cf20+0x10c]
J 1484 C2 java.lang.ClassLoader.loadClass(Ljava/lang/String;Z)Ljava/lang/Class; (122 bytes) @ 0x0000000003759694 [0x0000000003758940+0xd54]
J 481 C1 java.lang.ClassLoader.loadClass(Ljava/lang/String;)Ljava/lang/Class; (7 bytes) @ 0x000000000344db4c [0x000000000344da40+0x10c]
v  ~StubRoutines::call_stub
j  org.gradle.api.internal.artifacts.DependencyServices.registerBuildServices(Lorg/gradle/internal/service/ServiceRegistration;)V+1
j  org.gradle.internal.service.scopes.BuildScopeServices.lambda$new$0(Lorg/gradle/internal/service/ServiceRegistry;Lorg/gradle/internal/service/ServiceRegistration;)V+59
j  org.gradle.internal.service.scopes.BuildScopeServices$$Lambda$33.execute(Ljava/lang/Object;)V+8
j  org.gradle.internal.service.DefaultServiceRegistry.register(Lorg/gradle/api/Action;)V+9
j  org.gradle.internal.service.scopes.BuildScopeServices.<init>(Lorg/gradle/internal/service/ServiceRegistry;)V+31
j  org.gradle.initialization.DefaultGradleLauncherFactory.doNewInstance(Lorg/gradle/api/internal/BuildDefinition;Lorg/gradle/internal/build/BuildState;Lorg/gradle/initialization/GradleLauncher;Lorg/gradle/internal/service/scopes/BuildTreeScopeServices;Ljava/util/List;)Lorg/gradle/initialization/DefaultGradleLauncher;+6
j  org.gradle.initialization.DefaultGradleLauncherFactory.newInstance(Lorg/gradle/api/internal/BuildDefinition;Lorg/gradle/internal/build/RootBuildState;Lorg/gradle/internal/service/scopes/BuildTreeScopeServices;)Lorg/gradle/initialization/GradleLauncher;+33
j  org.gradle.composite.internal.DefaultRootBuildState.<init>(Lorg/gradle/api/internal/BuildDefinition;Lorg/gradle/initialization/GradleLauncherFactory;Lorg/gradle/internal/event/ListenerManager;Lorg/gradle/internal/service/scopes/BuildTreeScopeServices;)V+15
j  org.gradle.composite.internal.DefaultIncludedBuildRegistry.createRootBuild(Lorg/gradle/api/internal/BuildDefinition;)Lorg/gradle/internal/build/RootBuildState;+35
j  org.gradle.launcher.exec.InProcessBuildActionExecuter.execute(Lorg/gradle/internal/invocation/BuildAction;Lorg/gradle/initialization/BuildRequestContext;Lorg/gradle/launcher/exec/BuildActionParameters;Lorg/gradle/internal/service/ServiceRegistry;)Lorg/gradle/launcher/exec/BuildActionResult;+61
j  org.gradle.launcher.exec.InProcessBuildActionExecuter.execute(Lorg/gradle/internal/invocation/BuildAction;Lorg/gradle/initialization/BuildRequestContext;Ljava/lang/Object;Lorg/gradle/internal/service/ServiceRegistry;)Lorg/gradle/launcher/exec/BuildActionResult;+9
j  org.gradle.launcher.exec.BuildTreeScopeBuildActionExecuter.execute(Lorg/gradle/internal/invocation/BuildAction;Lorg/gradle/initialization/BuildRequestContext;Lorg/gradle/launcher/exec/BuildActionParameters;Lorg/gradle/internal/service/ServiceRegistry;)Lorg/gradle/launcher/exec/BuildActionResult;+38
j  org.gradle.launcher.exec.BuildTreeScopeBuildActionExecuter.execute(Lorg/gradle/internal/invocation/BuildAction;Lorg/gradle/initialization/BuildRequestContext;Ljava/lang/Object;Lorg/gradle/internal/service/ServiceRegistry;)Lorg/gradle/launcher/exec/BuildActionResult;+9
j  org.gradle.tooling.internal.provider.ContinuousBuildActionExecuter.execute(Lorg/gradle/internal/invocation/BuildAction;Lorg/gradle/initialization/BuildRequestContext;Lorg/gradle/launcher/exec/BuildActionParameters;Lorg/gradle/internal/service/ServiceRegistry;)Lorg/gradle/launcher/exec/BuildActionResult;+58
j  org.gradle.tooling.internal.provider.ContinuousBuildActionExecuter.execute(Lorg/gradle/internal/invocation/BuildAction;Lorg/gradle/initialization/BuildRequestContext;Ljava/lang/Object;Lorg/gradle/internal/service/ServiceRegistry;)Lorg/gradle/launcher/exec/BuildActionResult;+9
j  org.gradle.tooling.internal.provider.SubscribableBuildActionExecuter.execute(Lorg/gradle/internal/invocation/BuildAction;Lorg/gradle/initialization/BuildRequestContext;Lorg/gradle/launcher/exec/BuildActionParameters;Lorg/gradle/internal/service/ServiceRegistry;)Lorg/gradle/launcher/exec/BuildActionResult;+41
j  org.gradle.tooling.internal.provider.SubscribableBuildActionExecuter.execute(Lorg/gradle/internal/invocation/BuildAction;Lorg/gradle/initialization/BuildRequestContext;Ljava/lang/Object;Lorg/gradle/internal/service/ServiceRegistry;)Lorg/gradle/launcher/exec/BuildActionResult;+9
j  org.gradle.tooling.internal.provider.SessionScopeBuildActionExecuter.execute(Lorg/gradle/internal/invocation/BuildAction;Lorg/gradle/initialization/BuildRequestContext;Lorg/gradle/launcher/exec/BuildActionParameters;Lorg/gradle/internal/service/ServiceRegistry;)Lorg/gradle/launcher/exec/BuildActionResult;+117
j  org.gradle.tooling.internal.provider.SessionScopeBuildActionExecuter.execute(Lorg/gradle/internal/invocation/BuildAction;Lorg/gradle/initialization/BuildRequestContext;Ljava/lang/Object;Lorg/gradle/internal/service/ServiceRegistry;)Lorg/gradle/launcher/exec/BuildActionResult;+9
j  org.gradle.tooling.internal.provider.GradleThreadBuildActionExecuter.execute(Lorg/gradle/internal/invocation/BuildAction;Lorg/gradle/initialization/BuildRequestContext;Lorg/gradle/launcher/exec/BuildActionParameters;Lorg/gradle/internal/service/ServiceRegistry;)Lorg/gradle/launcher/exec/BuildActionResult;+12
j  org.gradle.tooling.internal.provider.GradleThreadBuildActionExecuter.execute(Lorg/gradle/internal/invocation/BuildAction;Lorg/gradle/initialization/BuildRequestContext;Ljava/lang/Object;Lorg/gradle/internal/service/ServiceRegistry;)Lorg/gradle/launcher/exec/BuildActionResult;+9
j  org.gradle.tooling.internal.provider.StartParamsValidatingActionExecuter.execute(Lorg/gradle/internal/invocation/BuildAction;Lorg/gradle/initialization/BuildRequestContext;Lorg/gradle/launcher/exec/BuildActionParameters;Lorg/gradle/internal/service/ServiceRegistry;)Lorg/gradle/launcher/exec/BuildActionResult;+177
j  org.gradle.tooling.internal.provider.StartParamsValidatingActionExecuter.execute(Lorg/gradle/internal/invocation/BuildAction;Lorg/gradle/initialization/BuildRequestContext;Ljava/lang/Object;Lorg/gradle/internal/service/ServiceRegistry;)Lorg/gradle/launcher/exec/BuildActionResult;+9
j  org.gradle.tooling.internal.provider.SessionFailureReportingActionExecuter.execute(Lorg/gradle/internal/invocation/BuildAction;Lorg/gradle/initialization/BuildRequestContext;Lorg/gradle/launcher/exec/BuildActionParameters;Lorg/gradle/internal/service/ServiceRegistry;)Lorg/gradle/launcher/exec/BuildActionResult;+9
j  org.gradle.tooling.internal.provider.SessionFailureReportingActionExecuter.execute(Lorg/gradle/internal/invocation/BuildAction;Lorg/gradle/initialization/BuildRequestContext;Ljava/lang/Object;Lorg/gradle/internal/service/ServiceRegistry;)Lorg/gradle/launcher/exec/BuildActionResult;+9
j  org.gradle.tooling.internal.provider.SetupLoggingActionExecuter.execute(Lorg/gradle/internal/invocation/BuildAction;Lorg/gradle/initialization/BuildRequestContext;Lorg/gradle/launcher/exec/BuildActionParameters;Lorg/gradle/internal/service/ServiceRegistry;)Lorg/gradle/launcher/exec/BuildActionResult;+52
j  org.gradle.tooling.internal.provider.SetupLoggingActionExecuter.execute(Lorg/gradle/internal/invocation/BuildAction;Lorg/gradle/initialization/BuildRequestContext;Ljava/lang/Object;Lorg/gradle/internal/service/ServiceRegistry;)Lorg/gradle/launcher/exec/BuildActionResult;+9
j  org.gradle.launcher.daemon.server.exec.ExecuteBuild.doBuild(Lorg/gradle/launcher/daemon/server/api/DaemonCommandExecution;Lorg/gradle/launcher/daemon/protocol/Build;)V+118
j  org.gradle.launcher.daemon.server.exec.BuildCommandOnly.execute(Lorg/gradle/launcher/daemon/server/api/DaemonCommandExecution;)V+49
j  org.gradle.launcher.daemon.server.api.DaemonCommandExecution.proceed()Z+23
j  org.gradle.launcher.daemon.server.exec.WatchForDisconnection.execute(Lorg/gradle/launcher/daemon/server/api/DaemonCommandExecution;)V+19
j  org.gradle.launcher.daemon.server.api.DaemonCommandExecution.proceed()Z+23
j  org.gradle.launcher.daemon.server.exec.ResetDeprecationLogger.execute(Lorg/gradle/launcher/daemon/server/api/DaemonCommandExecution;)V+7
j  org.gradle.launcher.daemon.server.api.DaemonCommandExecution.proceed()Z+23
j  org.gradle.launcher.daemon.server.exec.RequestStopIfSingleUsedDaemon.execute(Lorg/gradle/launcher/daemon/server/api/DaemonCommandExecution;)V+33
j  org.gradle.launcher.daemon.server.api.DaemonCommandExecution.proceed()Z+23
j  org.gradle.launcher.daemon.server.exec.ForwardClientInput$2.create()Ljava/lang/Void;+4
j  org.gradle.launcher.daemon.server.exec.ForwardClientInput$2.create()Ljava/lang/Object;+1
j  org.gradle.util.Swapper.swap(Ljava/lang/Object;Lorg/gradle/internal/Factory;)Ljava/lang/Object;+21
j  org.gradle.launcher.daemon.server.exec.ForwardClientInput.execute(Lorg/gradle/launcher/daemon/server/api/DaemonCommandExecution;)V+63
j  org.gradle.launcher.daemon.server.api.DaemonCommandExecution.proceed()Z+23
j  org.gradle.launcher.daemon.server.exec.LogAndCheckHealth.execute(Lorg/gradle/launcher/daemon/server/api/DaemonCommandExecution;)V+28
j  org.gradle.launcher.daemon.server.api.DaemonCommandExecution.proceed()Z+23
j  org.gradle.launcher.daemon.server.exec.LogToClient.doBuild(Lorg/gradle/launcher/daemon/server/api/DaemonCommandExecution;Lorg/gradle/launcher/daemon/protocol/Build;)V+87
j  org.gradle.launcher.daemon.server.exec.BuildCommandOnly.execute(Lorg/gradle/launcher/daemon/server/api/DaemonCommandExecution;)V+49
j  org.gradle.launcher.daemon.server.api.DaemonCommandExecution.proceed()Z+23
j  org.gradle.launcher.daemon.server.exec.EstablishBuildEnvironment.doBuild(Lorg/gradle/launcher/daemon/server/api/DaemonCommandExecution;Lorg/gradle/launcher/daemon/protocol/Build;)V+351
j  org.gradle.launcher.daemon.server.exec.BuildCommandOnly.execute(Lorg/gradle/launcher/daemon/server/api/DaemonCommandExecution;)V+49
j  org.gradle.launcher.daemon.server.api.DaemonCommandExecution.proceed()Z+23
j  org.gradle.launcher.daemon.server.exec.StartBuildOrRespondWithBusy$1.run()V+44
j  org.gradle.launcher.daemon.server.DaemonStateCoordinator$1.run()V+4
j  org.gradle.internal.concurrent.ExecutorPolicy$CatchAndRecordFailures.onExecute(Ljava/lang/Runnable;)V+1
j  org.gradle.internal.concurrent.ManagedExecutorImpl$1.run()V+25
j  java.util.concurrent.ThreadPoolExecutor.runWorker(Ljava/util/concurrent/ThreadPoolExecutor$Worker;)V+95
j  java.util.concurrent.ThreadPoolExecutor$Worker.run()V+5
j  org.gradle.internal.concurrent.ThreadFactoryImpl$ManagedThreadRunnable.run()V+7
j  java.lang.Thread.run()V+11
v  ~StubRoutines::call_stub

---------------  P R O C E S S  ---------------

Java Threads: ( => current thread )
  0x000000001ba00800 JavaThread "Cache worker for file hash cache (C:\Users\PC User\.gradle\caches\6.5\fileHashes)" [_thread_blocked, id=11040, stack(0x000000001dec0000,0x000000001dfc0000)]
  0x000000001b9ff000 JavaThread "File lock request listener" [_thread_in_native, id=11308, stack(0x000000001ddc0000,0x000000001dec0000)]
  0x000000001a0cd000 JavaThread "Cache worker for journal cache (C:\Users\PC User\.gradle\caches\journal-1)" [_thread_blocked, id=22292, stack(0x000000001dbc0000,0x000000001dcc0000)]
  0x000000001a740800 JavaThread "Thread-9" [_thread_blocked, id=6332, stack(0x000000001d8c0000,0x000000001d9c0000)]
  0x000000001a73e000 JavaThread "Stdin handler" [_thread_blocked, id=1300, stack(0x000000001d7c0000,0x000000001d8c0000)]
  0x000000001a73b000 JavaThread "Asynchronous log dispatcher for DefaultDaemonConnection: socket connection from /127.0.0.1:52480 to /127.0.0.1:52481" [_thread_blocked, id=22560, stack(0x000000001d6c0000,0x000000001d7c0000)]
=>0x000000001b78e800 JavaThread "Daemon worker" [_thread_in_vm, id=7532, stack(0x000000001d5c0000,0x000000001d6c0000)]
  0x000000001b918800 JavaThread "Cancel handler" [_thread_blocked, id=11560, stack(0x000000001d4c0000,0x000000001d5c0000)]
  0x0000000019eaf000 JavaThread "Handler for socket connection from /127.0.0.1:52480 to /127.0.0.1:52481" [_thread_in_native, id=10920, stack(0x000000001d3c0000,0x000000001d4c0000)]
  0x0000000019eac000 JavaThread "Daemon" [_thread_blocked, id=17680, stack(0x000000001d2c0000,0x000000001d3c0000)]
  0x0000000019ea9000 JavaThread "Daemon periodic checks" [_thread_blocked, id=8124, stack(0x000000001cfc0000,0x000000001d0c0000)]
  0x000000001b895000 JavaThread "Incoming local TCP Connector on port 52480" [_thread_in_native, id=10124, stack(0x000000001cd80000,0x000000001ce80000)]
  0x000000001b594000 JavaThread "Daemon health stats" [_thread_blocked, id=16576, stack(0x000000001c740000,0x000000001c840000)]
  0x00000000197d3800 JavaThread "Service Thread" daemon [_thread_blocked, id=19180, stack(0x0000000019ba0000,0x0000000019ca0000)]
  0x0000000017e62800 JavaThread "C1 CompilerThread2" daemon [_thread_blocked, id=17888, stack(0x00000000196a0000,0x00000000197a0000)]
  0x0000000017e5c800 JavaThread "C2 CompilerThread1" daemon [_thread_in_native, id=13412, stack(0x00000000195a0000,0x00000000196a0000)]
  0x0000000017e57000 JavaThread "C2 CompilerThread0" daemon [_thread_in_native, id=4272, stack(0x00000000194a0000,0x00000000195a0000)]
  0x0000000017e52000 JavaThread "Attach Listener" daemon [_thread_blocked, id=17808, stack(0x00000000193a0000,0x00000000194a0000)]
  0x0000000017e51000 JavaThread "Signal Dispatcher" daemon [_thread_blocked, id=18304, stack(0x00000000192a0000,0x00000000193a0000)]
  0x000000000322c800 JavaThread "Finalizer" daemon [_thread_blocked, id=16924, stack(0x00000000190a0000,0x00000000191a0000)]
  0x0000000017e39800 JavaThread "Reference Handler" daemon [_thread_blocked, id=16980, stack(0x0000000018fa0000,0x00000000190a0000)]
  0x000000000185e800 JavaThread "main" [_thread_blocked, id=5596, stack(0x0000000003030000,0x0000000003130000)]

Other Threads:
  0x0000000017e16800 VMThread [stack: 0x0000000018ea0000,0x0000000018fa0000] [id=12296]
  0x0000000017eae800 WatcherThread [stack: 0x0000000019ca0000,0x0000000019da0000] [id=5680]

VM state:not at safepoint (normal execution)

VM Mutex/Monitor currently owned by a thread: None

heap address: 0x0000000080000000, size: 2048 MB, Compressed Oops mode: 32-bit
Narrow klass base: 0x0000000000000000, Narrow klass shift: 3
Compressed class space size: 1073741824 Address: 0x0000000100000000

Heap:
 PSYoungGen      total 37888K, used 20644K [0x00000000d5580000, 0x00000000d7f80000, 0x0000000100000000)
  eden space 32768K, 47% used [0x00000000d5580000,0x00000000d64a93a8,0x00000000d7580000)
  from space 5120K, 100% used [0x00000000d7a80000,0x00000000d7f80000,0x00000000d7f80000)
  to   space 5120K, 0% used [0x00000000d7580000,0x00000000d7580000,0x00000000d7a80000)
 ParOldGen       total 86016K, used 2810K [0x0000000080000000, 0x0000000085400000, 0x00000000d5580000)
  object space 86016K, 3% used [0x0000000080000000,0x00000000802be998,0x0000000085400000)
 Metaspace       used 16540K, capacity 17148K, committed 17280K, reserved 1064960K
  class space    used 2206K, capacity 2368K, committed 2432K, reserved 1048576K

Card table byte_map: [0x00000000125f0000,0x0000000012a00000] byte_map_base: 0x00000000121f0000

Marking Bits: (ParMarkBitMap*) 0x000000007022f030
 Begin Bits: [0x00000000130b0000, 0x00000000150b0000)
 End Bits:   [0x00000000150b0000, 0x00000000170b0000)

Polling page: 0x0000000001760000

CodeCache: size=245760Kb used=5524Kb max_used=5535Kb free=240235Kb
 bounds [0x0000000003230000, 0x00000000037a0000, 0x0000000012230000]
 total_blobs=1998 nmethods=1599 adapters=312
 compilation: enabled

Compilation events (10 events):
Event: 4.625 Thread 0x0000000017e62800 nmethod 1597 0x0000000003793310 code [0x00000000037934a0, 0x0000000003793868]
Event: 4.639 Thread 0x0000000017e57000 1599       4       jdk.internal.org.objectweb.asm.Type::getArgumentsAndReturnSizes (151 bytes)
Event: 4.639 Thread 0x0000000017e62800 1600       3       jdk.internal.org.objectweb.asm.Frame::<init> (5 bytes)
Event: 4.639 Thread 0x0000000017e62800 nmethod 1600 0x0000000003796550 code [0x00000000037966a0, 0x0000000003796850]
Event: 4.645 Thread 0x0000000017e57000 nmethod 1599 0x00000000037998d0 code [0x0000000003799a20, 0x0000000003799db8]
Event: 4.645 Thread 0x0000000017e57000 1601       4       java.lang.Object::equals (11 bytes)
Event: 4.646 Thread 0x0000000017e62800 1602       1       sun.reflect.generics.repository.AbstractRepository::getFactory (5 bytes)
Event: 4.646 Thread 0x0000000017e62800 nmethod 1602 0x000000000378c4d0 code [0x000000000378c620, 0x000000000378c730]
Event: 4.646 Thread 0x0000000017e57000 nmethod 1601 0x0000000003796a50 code [0x0000000003796b80, 0x0000000003796bf8]
Event: 4.651 Thread 0x0000000017e57000 1603   !   4       java.net.URLClassLoader$1::run (63 bytes)

GC Heap History (8 events):
Event: 1.623 GC heap before
{Heap before GC invocations=1 (full 0):
 PSYoungGen      total 37888K, used 32768K [0x00000000d5580000, 0x00000000d7f80000, 0x0000000100000000)
  eden space 32768K, 100% used [0x00000000d5580000,0x00000000d7580000,0x00000000d7580000)
  from space 5120K, 0% used [0x00000000d7a80000,0x00000000d7a80000,0x00000000d7f80000)
  to   space 5120K, 0% used [0x00000000d7580000,0x00000000d7580000,0x00000000d7a80000)
 ParOldGen       total 86016K, used 0K [0x0000000080000000, 0x0000000085400000, 0x00000000d5580000)
  object space 86016K, 0% used [0x0000000080000000,0x0000000080000000,0x0000000085400000)
 Metaspace       used 7534K, capacity 7774K, committed 8064K, reserved 1056768K
  class space    used 929K, capacity 1037K, committed 1152K, reserved 1048576K
Event: 1.634 GC heap after
Heap after GC invocations=1 (full 0):
 PSYoungGen      total 37888K, used 4425K [0x00000000d5580000, 0x00000000d7f80000, 0x0000000100000000)
  eden space 32768K, 0% used [0x00000000d5580000,0x00000000d5580000,0x00000000d7580000)
  from space 5120K, 86% used [0x00000000d7580000,0x00000000d79d2598,0x00000000d7a80000)
  to   space 5120K, 0% used [0x00000000d7a80000,0x00000000d7a80000,0x00000000d7f80000)
 ParOldGen       total 86016K, used 8K [0x0000000080000000, 0x0000000085400000, 0x00000000d5580000)
  object space 86016K, 0% used [0x0000000080000000,0x0000000080002000,0x0000000085400000)
 Metaspace       used 7534K, capacity 7774K, committed 8064K, reserved 1056768K
  class space    used 929K, capacity 1037K, committed 1152K, reserved 1048576K
}
Event: 2.246 GC heap before
{Heap before GC invocations=2 (full 0):
 PSYoungGen      total 37888K, used 37193K [0x00000000d5580000, 0x00000000d7f80000, 0x0000000100000000)
  eden space 32768K, 100% used [0x00000000d5580000,0x00000000d7580000,0x00000000d7580000)
  from space 5120K, 86% used [0x00000000d7580000,0x00000000d79d2598,0x00000000d7a80000)
  to   space 5120K, 0% used [0x00000000d7a80000,0x00000000d7a80000,0x00000000d7f80000)
 ParOldGen       total 86016K, used 8K [0x0000000080000000, 0x0000000085400000, 0x00000000d5580000)
  object space 86016K, 0% used [0x0000000080000000,0x0000000080002000,0x0000000085400000)
 Metaspace       used 7730K, capacity 7966K, committed 8320K, reserved 1056768K
  class space    used 939K, capacity 1037K, committed 1152K, reserved 1048576K
Event: 2.252 GC heap after
Heap after GC invocations=2 (full 0):
 PSYoungGen      total 37888K, used 3229K [0x00000000d5580000, 0x00000000d7f80000, 0x0000000100000000)
  eden space 32768K, 0% used [0x00000000d5580000,0x00000000d5580000,0x00000000d7580000)
  from space 5120K, 63% used [0x00000000d7a80000,0x00000000d7da77f0,0x00000000d7f80000)
  to   space 5120K, 0% used [0x00000000d7580000,0x00000000d7580000,0x00000000d7a80000)
 ParOldGen       total 86016K, used 16K [0x0000000080000000, 0x0000000085400000, 0x00000000d5580000)
  object space 86016K, 0% used [0x0000000080000000,0x0000000080004000,0x0000000085400000)
 Metaspace       used 7730K, capacity 7966K, committed 8320K, reserved 1056768K
  class space    used 939K, capacity 1037K, committed 1152K, reserved 1048576K
}
Event: 3.615 GC heap before
{Heap before GC invocations=3 (full 0):
 PSYoungGen      total 37888K, used 35997K [0x00000000d5580000, 0x00000000d7f80000, 0x0000000100000000)
  eden space 32768K, 100% used [0x00000000d5580000,0x00000000d7580000,0x00000000d7580000)
  from space 5120K, 63% used [0x00000000d7a80000,0x00000000d7da77f0,0x00000000d7f80000)
  to   space 5120K, 0% used [0x00000000d7580000,0x00000000d7580000,0x00000000d7a80000)
 ParOldGen       total 86016K, used 16K [0x0000000080000000, 0x0000000085400000, 0x00000000d5580000)
  object space 86016K, 0% used [0x0000000080000000,0x0000000080004000,0x0000000085400000)
 Metaspace       used 11343K, capacity 11594K, committed 11904K, reserved 1058816K
  class space    used 1496K, capacity 1607K, committed 1664K, reserved 1048576K
Event: 3.623 GC heap after
Heap after GC invocations=3 (full 0):
 PSYoungGen      total 37888K, used 5104K [0x00000000d5580000, 0x00000000d7f80000, 0x0000000100000000)
  eden space 32768K, 0% used [0x00000000d5580000,0x00000000d5580000,0x00000000d7580000)
  from space 5120K, 99% used [0x00000000d7580000,0x00000000d7a7c010,0x00000000d7a80000)
  to   space 5120K, 0% used [0x00000000d7a80000,0x00000000d7a80000,0x00000000d7f80000)
 ParOldGen       total 86016K, used 684K [0x0000000080000000, 0x0000000085400000, 0x00000000d5580000)
  object space 86016K, 0% used [0x0000000080000000,0x00000000800ab210,0x0000000085400000)
 Metaspace       used 11343K, capacity 11594K, committed 11904K, reserved 1058816K
  class space    used 1496K, capacity 1607K, committed 1664K, reserved 1048576K
}
Event: 4.195 GC heap before
{Heap before GC invocations=4 (full 0):
 PSYoungGen      total 37888K, used 37872K [0x00000000d5580000, 0x00000000d7f80000, 0x0000000100000000)
  eden space 32768K, 100% used [0x00000000d5580000,0x00000000d7580000,0x00000000d7580000)
  from space 5120K, 99% used [0x00000000d7580000,0x00000000d7a7c010,0x00000000d7a80000)
  to   space 5120K, 0% used [0x00000000d7a80000,0x00000000d7a80000,0x00000000d7f80000)
 ParOldGen       total 86016K, used 684K [0x0000000080000000, 0x0000000085400000, 0x00000000d5580000)
  object space 86016K, 0% used [0x0000000080000000,0x00000000800ab210,0x0000000085400000)
 Metaspace       used 14434K, capacity 14934K, committed 15232K, reserved 1062912K
  class space    used 1975K, capacity 2121K, committed 2176K, reserved 1048576K
Event: 4.204 GC heap after
Heap after GC invocations=4 (full 0):
 PSYoungGen      total 37888K, used 5120K [0x00000000d5580000, 0x00000000d7f80000, 0x0000000100000000)
  eden space 32768K, 0% used [0x00000000d5580000,0x00000000d5580000,0x00000000d7580000)
  from space 5120K, 100% used [0x00000000d7a80000,0x00000000d7f80000,0x00000000d7f80000)
  to   space 5120K, 0% used [0x00000000d7580000,0x00000000d7580000,0x00000000d7a80000)
 ParOldGen       total 86016K, used 2810K [0x0000000080000000, 0x0000000085400000, 0x00000000d5580000)
  object space 86016K, 3% used [0x0000000080000000,0x00000000802be998,0x0000000085400000)
 Metaspace       used 14434K, capacity 14934K, committed 15232K, reserved 1062912K
  class space    used 1975K, capacity 2121K, committed 2176K, reserved 1048576K
}

Deoptimization events (10 events):
Event: 3.774 Thread 0x000000001b78e800 Uncommon trap: reason=bimorphic action=maybe_recompile pc=0x0000000003504804 method=java.util.HashMap.putVal(ILjava/lang/Object;Ljava/lang/Object;ZZ)Ljava/lang/Object; @ 253
Event: 3.774 Thread 0x000000001b78e800 Uncommon trap: reason=bimorphic action=maybe_recompile pc=0x0000000003504804 method=java.util.HashMap.putVal(ILjava/lang/Object;Ljava/lang/Object;ZZ)Ljava/lang/Object; @ 253
Event: 3.774 Thread 0x000000001b78e800 Uncommon trap: reason=bimorphic action=maybe_recompile pc=0x0000000003504804 method=java.util.HashMap.putVal(ILjava/lang/Object;Ljava/lang/Object;ZZ)Ljava/lang/Object; @ 253
Event: 3.775 Thread 0x000000001b78e800 Uncommon trap: reason=bimorphic action=maybe_recompile pc=0x000000000350169c method=java.util.HashMap.putVal(ILjava/lang/Object;Ljava/lang/Object;ZZ)Ljava/lang/Object; @ 253
Event: 4.121 Thread 0x000000001b78e800 Uncommon trap: reason=class_check action=maybe_recompile pc=0x000000000357e1d8 method=java.util.regex.Matcher.match(II)Z @ 86
Event: 4.142 Thread 0x000000001b78e800 Uncommon trap: reason=class_check action=maybe_recompile pc=0x000000000357e1d8 method=java.util.regex.Matcher.match(II)Z @ 86
Event: 4.143 Thread 0x000000001b78e800 Uncommon trap: reason=class_check action=maybe_recompile pc=0x000000000357e1d8 method=java.util.regex.Matcher.match(II)Z @ 86
Event: 4.144 Thread 0x000000001b78e800 Uncommon trap: reason=class_check action=maybe_recompile pc=0x00000000033f514c method=java.util.regex.Matcher.match(II)Z @ 86
Event: 4.457 Thread 0x000000001b78e800 Uncommon trap: reason=unstable_if action=reinterpret pc=0x0000000003579e4c method=java.io.File.getName()Ljava/lang/String; @ 16
Event: 4.457 Thread 0x000000001b78e800 Uncommon trap: reason=unstable_if action=reinterpret pc=0x000000000357449c method=java.lang.String.substring(I)Ljava/lang/String; @ 35

Classes redefined (0 events):
No events

Internal exceptions (10 events):
Event: 3.683 Thread 0x0000000019eaf000 Exception <a 'java/lang/NoSuchMethodError': <clinit>> (0x00000000d57a17f0) thrown at [C:\src\AOSP-openjdk-git\hotspot\src\share\vm\prims\jni.cpp, line 1615]
Event: 3.685 Thread 0x0000000019eaf000 Exception <a 'java/lang/NoSuchMethodError': <clinit>> (0x00000000d57aaef8) thrown at [C:\src\AOSP-openjdk-git\hotspot\src\share\vm\prims\jni.cpp, line 1615]
Event: 3.688 Thread 0x0000000019eaf000 Exception <a 'java/lang/NoSuchMethodError': <clinit>> (0x00000000d57bf568) thrown at [C:\src\AOSP-openjdk-git\hotspot\src\share\vm\prims\jni.cpp, line 1615]
Event: 3.704 Thread 0x0000000019eaf000 Exception <a 'java/lang/NoSuchMethodError': <clinit>> (0x00000000d582c800) thrown at [C:\src\AOSP-openjdk-git\hotspot\src\share\vm\prims\jni.cpp, line 1615]
Event: 3.714 Thread 0x0000000019eaf000 Exception <a 'java/lang/NoSuchMethodError': <clinit>> (0x00000000d5866d18) thrown at [C:\src\AOSP-openjdk-git\hotspot\src\share\vm\prims\jni.cpp, line 1615]
Event: 3.721 Thread 0x0000000019eaf000 Exception <a 'java/lang/NoSuchMethodError': <clinit>> (0x00000000d589cd78) thrown at [C:\src\AOSP-openjdk-git\hotspot\src\share\vm\prims\jni.cpp, line 1615]
Event: 3.723 Thread 0x0000000019eaf000 Exception <a 'java/lang/NoSuchMethodError': <clinit>> (0x00000000d58a92a8) thrown at [C:\src\AOSP-openjdk-git\hotspot\src\share\vm\prims\jni.cpp, line 1615]
Event: 4.522 Thread 0x000000001b78e800 Exception <a 'java/lang/NoSuchMethodError': java.lang.Object.lambda$and$0(Ljava/util/function/Predicate;Ljava/lang/Object;)Z> (0x00000000d5c77548) thrown at [C:\src\AOSP-openjdk-git\hotspot\src\share\vm\interpreter\linkResolver.cpp, line 620]
Event: 4.533 Thread 0x000000001b78e800 Exception <a 'java/lang/IncompatibleClassChangeError': Found class java.lang.Object, but interface was expected> (0x00000000d5c87840) thrown at [C:\src\AOSP-openjdk-git\hotspot\src\share\vm\interpreter\linkResolver.cpp, line 653]
Event: 4.537 Thread 0x000000001b78e800 Exception <a 'java/lang/NoSuchMethodError': java.lang.Object.lambda$or$2(Ljava/util/function/Predicate;Ljava/lang/Object;)Z> (0x00000000d5c8c390) thrown at [C:\src\AOSP-openjdk-git\hotspot\src\share\vm\interpreter\linkResolver.cpp, line 620]

Events (10 events):
Event: 4.661 loading class org/gradle/api/internal/artifacts/DependencyManagementBuildScopeServices
Event: 4.661 loading class org/gradle/api/internal/artifacts/DependencyManagementBuildScopeServices done
Event: 4.664 loading class org/gradle/internal/resource/local/FileStoreSearcher
Event: 4.664 loading class org/gradle/internal/resource/local/FileStoreSearcher done
Event: 4.665 loading class org/gradle/api/internal/artifacts/mvnsettings/LocalMavenRepositoryLocator
Event: 4.665 loading class org/gradle/api/internal/artifacts/mvnsettings/LocalMavenRepositoryLocator done
Event: 4.666 loading class org/gradle/api/internal/artifacts/ComponentSelectorConverter
Event: 4.666 loading class org/gradle/api/internal/artifacts/ComponentSelectorConverter done
Event: 4.666 loading class org/gradle/api/internal/filestore/ArtifactIdentifierFileStore
Event: 4.666 loading class org/gradle/api/internal/filestore/ArtifactIdentifierFileStore done


Dynamic libraries:
0x00007ff703b30000 - 0x00007ff703b61000 	C:\Program Files\Android\Android Studio\jre\bin\java.exe
0x00007ffe07c90000 - 0x00007ffe07e85000 	C:\WINDOWS\SYSTEM32\ntdll.dll
0x00007ffe07a30000 - 0x00007ffe07aed000 	C:\WINDOWS\System32\KERNEL32.DLL
0x00007ffe055e0000 - 0x00007ffe058a9000 	C:\WINDOWS\System32\KERNELBASE.dll
0x00007ffe07230000 - 0x00007ffe072dc000 	C:\WINDOWS\System32\ADVAPI32.dll
0x00007ffe07990000 - 0x00007ffe07a2e000 	C:\WINDOWS\System32\msvcrt.dll
0x00007ffe05f20000 - 0x00007ffe05fbc000 	C:\WINDOWS\System32\sechost.dll
0x00007ffe07b20000 - 0x00007ffe07c4b000 	C:\WINDOWS\System32\RPCRT4.dll
0x00007ffe077e0000 - 0x00007ffe07980000 	C:\WINDOWS\System32\USER32.dll
0x00007ffe05930000 - 0x00007ffe05952000 	C:\WINDOWS\System32\win32u.dll
0x00007ffe07af0000 - 0x00007ffe07b1a000 	C:\WINDOWS\System32\GDI32.dll
0x00007ffe05470000 - 0x00007ffe0557b000 	C:\WINDOWS\System32\gdi32full.dll
0x00007ffe053d0000 - 0x00007ffe0546d000 	C:\WINDOWS\System32\msvcp_win.dll
0x00007ffe05b70000 - 0x00007ffe05c70000 	C:\WINDOWS\System32\ucrtbase.dll
0x00007ffdf8e60000 - 0x00007ffdf90fa000 	C:\WINDOWS\WinSxS\amd64_microsoft.windows.common-controls_6595b64144ccf1df_6.0.19041.844_none_ca00b6081b84eb1d\COMCTL32.dll
0x00007ffe065f0000 - 0x00007ffe06620000 	C:\WINDOWS\System32\IMM32.DLL
0x00000000714d0000 - 0x00000000715a2000 	C:\Program Files\Android\Android Studio\jre\jre\bin\msvcr100.dll
0x000000006fa60000 - 0x00000000702ab000 	C:\Program Files\Android\Android Studio\jre\jre\bin\server\jvm.dll
0x00007ffe05fc0000 - 0x00007ffe05fc8000 	C:\WINDOWS\System32\PSAPI.DLL
0x00007ffdfc390000 - 0x00007ffdfc3b7000 	C:\WINDOWS\SYSTEM32\WINMM.dll
0x00007ffdfa420000 - 0x00007ffdfa42a000 	C:\WINDOWS\SYSTEM32\VERSION.dll
0x00007ffdff5c0000 - 0x00007ffdff5c9000 	C:\WINDOWS\SYSTEM32\WSOCK32.dll
0x00007ffe067e0000 - 0x00007ffe0684b000 	C:\WINDOWS\System32\WS2_32.dll
0x00007ffdfe800000 - 0x00007ffdfe80f000 	C:\Program Files\Android\Android Studio\jre\jre\bin\verify.dll
0x00007ffdd65f0000 - 0x00007ffdd6619000 	C:\Program Files\Android\Android Studio\jre\jre\bin\java.dll
0x00007ffdd63e0000 - 0x00007ffdd63f6000 	C:\Program Files\Android\Android Studio\jre\jre\bin\zip.dll
0x00007ffe06ae0000 - 0x00007ffe07222000 	C:\WINDOWS\System32\SHELL32.dll
0x00007ffe033e0000 - 0x00007ffe03b70000 	C:\WINDOWS\SYSTEM32\windows.storage.dll
0x00007ffe07480000 - 0x00007ffe077d5000 	C:\WINDOWS\System32\combase.dll
0x00007ffe04d70000 - 0x00007ffe04d9c000 	C:\WINDOWS\SYSTEM32\Wldp.dll
0x00007ffe066a0000 - 0x00007ffe0674e000 	C:\WINDOWS\System32\SHCORE.dll
0x00007ffe073c0000 - 0x00007ffe07415000 	C:\WINDOWS\System32\shlwapi.dll
0x00007ffe05310000 - 0x00007ffe0532f000 	C:\WINDOWS\SYSTEM32\profapi.dll
0x00007ffdd4c30000 - 0x00007ffdd4c4a000 	C:\Program Files\Android\Android Studio\jre\jre\bin\net.dll
0x00007ffe04af0000 - 0x00007ffe04b5a000 	C:\WINDOWS\system32\mswsock.dll
0x00007ffdd2c80000 - 0x00007ffdd2c93000 	C:\Program Files\Android\Android Studio\jre\jre\bin\nio.dll
0x00007ffdff990000 - 0x00007ffdff9b7000 	C:\Users\PC User\.gradle\native\f6784746aeab05261644944871eae4fe03e0ef1612fff0a4a95f87b438bc6780\windows-amd64\native-platform.dll
0x00007ffdffba0000 - 0x00007ffdffbad000 	C:\Program Files\Android\Android Studio\jre\jre\bin\management.dll
0x00007ffe04cc0000 - 0x00007ffe04cd8000 	C:\WINDOWS\SYSTEM32\CRYPTSP.dll
0x00007ffe04490000 - 0x00007ffe044c4000 	C:\WINDOWS\system32\rsaenh.dll
0x00007ffe05c70000 - 0x00007ffe05c97000 	C:\WINDOWS\System32\bcrypt.dll
0x00007ffe052d0000 - 0x00007ffe052fe000 	C:\WINDOWS\SYSTEM32\USERENV.dll
0x00007ffe058b0000 - 0x00007ffe05930000 	C:\WINDOWS\System32\bcryptprimitives.dll
0x00007ffe04ce0000 - 0x00007ffe04cec000 	C:\WINDOWS\SYSTEM32\CRYPTBASE.dll
0x00007ffe047e0000 - 0x00007ffe0481b000 	C:\WINDOWS\SYSTEM32\IPHLPAPI.DLL
0x00007ffe07980000 - 0x00007ffe07988000 	C:\WINDOWS\System32\NSI.dll
0x00007ffdfe940000 - 0x00007ffdfe957000 	C:\WINDOWS\SYSTEM32\dhcpcsvc6.DLL
0x00007ffdfec40000 - 0x00007ffdfec5d000 	C:\WINDOWS\SYSTEM32\dhcpcsvc.DLL
0x00007ffe04820000 - 0x00007ffe048eb000 	C:\WINDOWS\SYSTEM32\DNSAPI.dll
0x00007ffdff2d0000 - 0x00007ffdff2db000 	C:\WINDOWS\SYSTEM32\WINNSI.DLL

VM Arguments:
jvm_args: -Xmx2048m -Dfile.encoding=UTF-8 -Duser.country=PH -Duser.language=en -Duser.variant 
java_command: org.gradle.launcher.daemon.bootstrap.GradleDaemon 6.5
java_class_path (initial): C:\Users\PC User\.gradle\wrapper\dists\gradle-6.5-bin\6nifqtx7604sqp1q6g8wikw7p\gradle-6.5\lib\gradle-launcher-6.5.jar
Launcher Type: SUN_STANDARD

Environment Variables:
PATH=C:\WINDOWS\system32;C:\WINDOWS;C:\WINDOWS\System32\Wbem;C:\WINDOWS\System32\WindowsPowerShell\v1.0\;C:\WINDOWS\System32\OpenSSH\;C:\Program Files\dotnet\;C:\Program Files\Microsoft SQL Server\130\Tools\Binn\;C:\Program Files\Microsoft SQL Server\Client SDK\ODBC\170\Tools\Binn\;C:\Program Files (x86)\Microsoft SQL Server\140\Tools\Binn\;C:\Program Files\Microsoft SQL Server\140\Tools\Binn\;C:\Program Files (x86)\Microsoft SQL Server\140\DTS\Binn\;C:\Program Files\Microsoft SQL Server\140\DTS\Binn\;C:\Program Files\Microsoft SQL Server\Client SDK\ODBC\130\Tools\Binn\;C:\Program Files (x86)\Microsoft SQL Server\150\DTS\Binn\;C:\Program Files (x86)\Microsoft SQL Server\150\Tools\Binn\;C:\Program Files\Microsoft SQL Server\150\Tools\Binn\;C:\Program Files\Microsoft SQL Server\150\DTS\Binn\;C:\Program Files\Azure Data Studio\bin;C:\Users\PC User\AppData\Local\Microsoft\WindowsApps;C:\Users\PC User\.dotnet\tools;C:\Users\PC User\AppData\Local\Microsoft\WindowsApps;;C:\Program Files\Azure Data Studio\bin
USERNAME=PC User
OS=Windows_NT
PROCESSOR_IDENTIFIER=Intel64 Family 6 Model 58 Stepping 9, GenuineIntel



---------------  S Y S T E M  ---------------

OS: Windows 10.0 , 64 bit Build 19041 (10.0.19041.804)

CPU:total 4 (initial active 4) (2 cores per cpu, 2 threads per core) family 6 model 58 stepping 9, cmov, cx8, fxsr, mmx, sse, sse2, sse3, ssse3, sse4.1, sse4.2, popcnt, avx, aes, clmul, erms, ht, tsc, tscinvbit, tscinv

Memory: 4k page, physical 8203112k(324428k free), swap 33368936k(216k free)

vm_info: OpenJDK 64-Bit Server VM (25.242-b01) for windows-amd64 JRE (1.8.0_242-release-1644-b01), built by "builder" with MS VC++ 10.0 (VS2010)

time: Sun Mar 28 07:48:51 2021
timezone: Malay Peninsula Standard Time
elapsed time: 4 seconds (0d 0h 0m 4s)

