#
# There is insufficient memory for the Java Runtime Environment to continue.
# Native memory allocation (malloc) failed to allocate 2230096 bytes for Chunk::new
# Possible reasons:
#   The system is out of physical RAM or swap space
#   The process is running with CompressedOops enabled, and the Java Heap may be blocking the growth of the native heap
# Possible solutions:
#   Reduce memory load on the system
#   Increase physical memory or swap space
#   Check if swap backing store is full
#   Decrease Java heap size (-Xmx/-Xms)
#   Decrease number of Java threads
#   Decrease Java thread stack sizes (-Xss)
#   Set larger code cache with -XX:ReservedCodeCacheSize=
#   JVM is running with Unscaled Compressed Oops mode in which the Java heap is
#     placed in the first 4GB address space. The Java Heap base address is the
#     maximum limit for the native heap growth. Please use -XX:HeapBaseMinAddress
#     to set the Java Heap base and to place the Java Heap above 4GB virtual address.
# This output file may be truncated or incomplete.
#
#  Out of Memory Error (allocation.cpp:389), pid=21152, tid=0x0000000000004644
#
# JRE version: OpenJDK Runtime Environment (8.0_242-b01) (build 1.8.0_242-release-1644-b01)
# Java VM: OpenJDK 64-Bit Server VM (25.242-b01 mixed mode windows-amd64 compressed oops)
# Failed to write core dump. Minidumps are not enabled by default on client versions of Windows
#

---------------  T H R E A D  ---------------

Current thread (0x000000001794a000):  JavaThread "C2 CompilerThread1" daemon [_thread_in_native, id=17988, stack(0x00000000190d0000,0x00000000191d0000)]

Stack: [0x00000000190d0000,0x00000000191d0000]
[error occurred during error reporting (printing stack bounds), id 0xc0000005]

Native frames: (J=compiled Java code, j=interpreted, Vv=VM code, C=native code)


Current CompileTask:
C2:   9478 1568   !   4       java.net.URLClassLoader$1::run (63 bytes)


---------------  P R O C E S S  ---------------

Java Threads: ( => current thread )
  0x000000001ae1b000 JavaThread "File lock request listener" [_thread_in_native, id=14944, stack(0x000000001ea10000,0x000000001eb10000)]
  0x000000001ae18800 JavaThread "Cache worker for journal cache (C:\Users\PC User\.gradle\caches\journal-1)" [_thread_blocked, id=10360, stack(0x000000001c720000,0x000000001c820000)]
  0x000000001ac8d000 JavaThread "Thread-9" [_thread_blocked, id=12860, stack(0x000000001c420000,0x000000001c520000)]
  0x000000001a3a5000 JavaThread "Stdin handler" [_thread_blocked, id=19408, stack(0x000000001c320000,0x000000001c420000)]
  0x000000001a3a3000 JavaThread "Asynchronous log dispatcher for DefaultDaemonConnection: socket connection from /127.0.0.1:52493 to /127.0.0.1:52494" [_thread_blocked, id=15348, stack(0x000000001c220000,0x000000001c320000)]
  0x0000000019fe3800 JavaThread "Daemon worker" [_thread_in_vm, id=13624, stack(0x000000001c120000,0x000000001c220000)]
  0x0000000019fe1000 JavaThread "Cancel handler" [_thread_blocked, id=19276, stack(0x000000001c020000,0x000000001c120000)]
  0x0000000019eed800 JavaThread "Handler for socket connection from /127.0.0.1:52493 to /127.0.0.1:52494" [_thread_in_native, id=15796, stack(0x000000001bf20000,0x000000001c020000)]
  0x000000001a36e000 JavaThread "Daemon" [_thread_blocked, id=15176, stack(0x000000001be20000,0x000000001bf20000)]
  0x000000001a748800 JavaThread "Daemon periodic checks" [_thread_blocked, id=21292, stack(0x000000001bb20000,0x000000001bc20000)]
  0x000000001939b000 JavaThread "Incoming local TCP Connector on port 52493" [_thread_in_native, id=17756, stack(0x000000001b8e0000,0x000000001b9e0000)]
  0x0000000019292800 JavaThread "Daemon health stats" [_thread_blocked, id=21540, stack(0x000000001b2a0000,0x000000001b3a0000)]
  0x000000001799c000 JavaThread "Service Thread" daemon [_thread_blocked, id=13200, stack(0x00000000196d0000,0x00000000197d0000)]
  0x00000000191e0800 JavaThread "C1 CompilerThread2" daemon [_thread_blocked, id=8960, stack(0x00000000195d0000,0x00000000196d0000)]
=>0x000000001794a000 JavaThread "C2 CompilerThread1" daemon [_thread_in_native, id=17988, stack(0x00000000190d0000,0x00000000191d0000)]
  0x0000000017947000 JavaThread "C2 CompilerThread0" daemon [_thread_in_native, id=16948, stack(0x0000000018fd0000,0x00000000190d0000)]
  0x0000000017942000 JavaThread "Attach Listener" daemon [_thread_blocked, id=7916, stack(0x0000000018ed0000,0x0000000018fd0000)]
  0x0000000017941000 JavaThread "Signal Dispatcher" daemon [_thread_blocked, id=20272, stack(0x0000000018dd0000,0x0000000018ed0000)]
  0x0000000002d1c000 JavaThread "Finalizer" daemon [_thread_blocked, id=14660, stack(0x0000000018bd0000,0x0000000018cd0000)]
  0x0000000017929800 JavaThread "Reference Handler" daemon [_thread_blocked, id=14916, stack(0x0000000018ad0000,0x0000000018bd0000)]
  0x0000000002c1e800 JavaThread "main" [_thread_blocked, id=13264, stack(0x0000000002a70000,0x0000000002b70000)]

Other Threads:
  0x0000000017906800 VMThread [stack: 0x00000000189d0000,0x0000000018ad0000] [id=19420]
  0x000000001799d000 WatcherThread [stack: 0x00000000197d0000,0x00000000198d0000] [id=7000]

VM state:not at safepoint (normal execution)

VM Mutex/Monitor currently owned by a thread: None

heap address: 0x0000000080000000, size: 2048 MB, Compressed Oops mode: 32-bit
Narrow klass base: 0x0000000000000000, Narrow klass shift: 3
Compressed class space size: 1073741824 Address: 0x0000000100000000

Heap:
 PSYoungGen      total 37888K, used 6324K [0x00000000d5580000, 0x00000000d7f80000, 0x0000000100000000)
  eden space 32768K, 3% used [0x00000000d5580000,0x00000000d56b5310,0x00000000d7580000)
  from space 5120K, 99% used [0x00000000d7a80000,0x00000000d7f78020,0x00000000d7f80000)
  to   space 5120K, 0% used [0x00000000d7580000,0x00000000d7580000,0x00000000d7a80000)
 ParOldGen       total 86016K, used 2800K [0x0000000080000000, 0x0000000085400000, 0x00000000d5580000)
  object space 86016K, 3% used [0x0000000080000000,0x00000000802bc388,0x0000000085400000)
 Metaspace       used 14533K, capacity 15030K, committed 15232K, reserved 1062912K
  class space    used 1990K, capacity 2153K, committed 2176K, reserved 1048576K

Card table byte_map: [0x00000000120e0000,0x00000000124f0000] byte_map_base: 0x0000000011ce0000

Marking Bits: (ParMarkBitMap*) 0x000000007022f030
 Begin Bits: [0x0000000012ba0000, 0x0000000014ba0000)
 End Bits:   [0x0000000014ba0000, 0x0000000016ba0000)

Polling page: 0x0000000000c50000

CodeCache: size=245760Kb used=5438Kb max_used=5445Kb free=240321Kb
 bounds [0x0000000002d20000, 0x0000000003280000, 0x0000000011d20000]
 total_blobs=1914 nmethods=1532 adapters=295
 compilation: enabled

Compilation events (10 events):
Event: 8.854 Thread 0x000000001794a000 1566       4       java.util.jar.JarFile::maybeInstantiateVerifier (96 bytes)
Event: 8.857 Thread 0x0000000017947000 1567       4       java.net.URLClassLoader$1::run (5 bytes)
Event: 8.866 Thread 0x000000001794a000 nmethod 1566 0x0000000002ea1e10 code [0x0000000002ea1fa0, 0x0000000002ea23f8]
Event: 8.866 Thread 0x000000001794a000 1568   !   4       java.net.URLClassLoader$1::run (63 bytes)
Event: 8.867 Thread 0x00000000191e0800 1569       1       java.util.concurrent.atomic.AtomicInteger::get (5 bytes)
Event: 8.867 Thread 0x00000000191e0800 nmethod 1569 0x0000000002ea1b50 code [0x0000000002ea1ca0, 0x0000000002ea1db0]
Event: 8.999 Thread 0x00000000191e0800 1571       3       java.util.zip.Inflater::finalize (5 bytes)
Event: 8.999 Thread 0x00000000191e0800 nmethod 1571 0x0000000002ea1790 code [0x0000000002ea1900, 0x0000000002ea1aa8]
Event: 9.015 Thread 0x00000000191e0800 1573       3       java.lang.Enum::compareTo (44 bytes)
Event: 9.016 Thread 0x00000000191e0800 nmethod 1573 0x00000000032732d0 code [0x0000000003273480, 0x0000000003273d88]

GC Heap History (8 events):
Event: 4.111 GC heap before
{Heap before GC invocations=1 (full 0):
 PSYoungGen      total 37888K, used 32768K [0x00000000d5580000, 0x00000000d7f80000, 0x0000000100000000)
  eden space 32768K, 100% used [0x00000000d5580000,0x00000000d7580000,0x00000000d7580000)
  from space 5120K, 0% used [0x00000000d7a80000,0x00000000d7a80000,0x00000000d7f80000)
  to   space 5120K, 0% used [0x00000000d7580000,0x00000000d7580000,0x00000000d7a80000)
 ParOldGen       total 86016K, used 0K [0x0000000080000000, 0x0000000085400000, 0x00000000d5580000)
  object space 86016K, 0% used [0x0000000080000000,0x0000000080000000,0x0000000085400000)
 Metaspace       used 7554K, capacity 7838K, committed 8064K, reserved 1056768K
  class space    used 929K, capacity 1037K, committed 1152K, reserved 1048576K
Event: 4.120 GC heap after
Heap after GC invocations=1 (full 0):
 PSYoungGen      total 37888K, used 4399K [0x00000000d5580000, 0x00000000d7f80000, 0x0000000100000000)
  eden space 32768K, 0% used [0x00000000d5580000,0x00000000d5580000,0x00000000d7580000)
  from space 5120K, 85% used [0x00000000d7580000,0x00000000d79cbcd8,0x00000000d7a80000)
  to   space 5120K, 0% used [0x00000000d7a80000,0x00000000d7a80000,0x00000000d7f80000)
 ParOldGen       total 86016K, used 16K [0x0000000080000000, 0x0000000085400000, 0x00000000d5580000)
  object space 86016K, 0% used [0x0000000080000000,0x0000000080004000,0x0000000085400000)
 Metaspace       used 7554K, capacity 7838K, committed 8064K, reserved 1056768K
  class space    used 929K, capacity 1037K, committed 1152K, reserved 1048576K
}
Event: 5.413 GC heap before
{Heap before GC invocations=2 (full 0):
 PSYoungGen      total 37888K, used 37167K [0x00000000d5580000, 0x00000000d7f80000, 0x0000000100000000)
  eden space 32768K, 100% used [0x00000000d5580000,0x00000000d7580000,0x00000000d7580000)
  from space 5120K, 85% used [0x00000000d7580000,0x00000000d79cbcd8,0x00000000d7a80000)
  to   space 5120K, 0% used [0x00000000d7a80000,0x00000000d7a80000,0x00000000d7f80000)
 ParOldGen       total 86016K, used 16K [0x0000000080000000, 0x0000000085400000, 0x00000000d5580000)
  object space 86016K, 0% used [0x0000000080000000,0x0000000080004000,0x0000000085400000)
 Metaspace       used 7743K, capacity 8030K, committed 8320K, reserved 1056768K
  class space    used 939K, capacity 1037K, committed 1152K, reserved 1048576K
Event: 5.432 GC heap after
Heap after GC invocations=2 (full 0):
 PSYoungGen      total 37888K, used 3185K [0x00000000d5580000, 0x00000000d7f80000, 0x0000000100000000)
  eden space 32768K, 0% used [0x00000000d5580000,0x00000000d5580000,0x00000000d7580000)
  from space 5120K, 62% used [0x00000000d7a80000,0x00000000d7d9c5f8,0x00000000d7f80000)
  to   space 5120K, 0% used [0x00000000d7580000,0x00000000d7580000,0x00000000d7a80000)
 ParOldGen       total 86016K, used 24K [0x0000000080000000, 0x0000000085400000, 0x00000000d5580000)
  object space 86016K, 0% used [0x0000000080000000,0x0000000080006000,0x0000000085400000)
 Metaspace       used 7743K, capacity 8030K, committed 8320K, reserved 1056768K
  class space    used 939K, capacity 1037K, committed 1152K, reserved 1048576K
}
Event: 7.738 GC heap before
{Heap before GC invocations=3 (full 0):
 PSYoungGen      total 37888K, used 35953K [0x00000000d5580000, 0x00000000d7f80000, 0x0000000100000000)
  eden space 32768K, 100% used [0x00000000d5580000,0x00000000d7580000,0x00000000d7580000)
  from space 5120K, 62% used [0x00000000d7a80000,0x00000000d7d9c5f8,0x00000000d7f80000)
  to   space 5120K, 0% used [0x00000000d7580000,0x00000000d7580000,0x00000000d7a80000)
 ParOldGen       total 86016K, used 24K [0x0000000080000000, 0x0000000085400000, 0x00000000d5580000)
  object space 86016K, 0% used [0x0000000080000000,0x0000000080006000,0x0000000085400000)
 Metaspace       used 11360K, capacity 11658K, committed 11904K, reserved 1058816K
  class space    used 1494K, capacity 1607K, committed 1664K, reserved 1048576K
Event: 7.751 GC heap after
Heap after GC invocations=3 (full 0):
 PSYoungGen      total 37888K, used 5104K [0x00000000d5580000, 0x00000000d7f80000, 0x0000000100000000)
  eden space 32768K, 0% used [0x00000000d5580000,0x00000000d5580000,0x00000000d7580000)
  from space 5120K, 99% used [0x00000000d7580000,0x00000000d7a7c030,0x00000000d7a80000)
  to   space 5120K, 0% used [0x00000000d7a80000,0x00000000d7a80000,0x00000000d7f80000)
 ParOldGen       total 86016K, used 618K [0x0000000080000000, 0x0000000085400000, 0x00000000d5580000)
  object space 86016K, 0% used [0x0000000080000000,0x000000008009aa28,0x0000000085400000)
 Metaspace       used 11360K, capacity 11658K, committed 11904K, reserved 1058816K
  class space    used 1494K, capacity 1607K, committed 1664K, reserved 1048576K
}
Event: 8.928 GC heap before
{Heap before GC invocations=4 (full 0):
 PSYoungGen      total 37888K, used 37872K [0x00000000d5580000, 0x00000000d7f80000, 0x0000000100000000)
  eden space 32768K, 100% used [0x00000000d5580000,0x00000000d7580000,0x00000000d7580000)
  from space 5120K, 99% used [0x00000000d7580000,0x00000000d7a7c030,0x00000000d7a80000)
  to   space 5120K, 0% used [0x00000000d7a80000,0x00000000d7a80000,0x00000000d7f80000)
 ParOldGen       total 86016K, used 618K [0x0000000080000000, 0x0000000085400000, 0x00000000d5580000)
  object space 86016K, 0% used [0x0000000080000000,0x000000008009aa28,0x0000000085400000)
 Metaspace       used 14455K, capacity 14998K, committed 15232K, reserved 1062912K
  class space    used 1976K, capacity 2121K, committed 2176K, reserved 1048576K
Event: 8.947 GC heap after
Heap after GC invocations=4 (full 0):
 PSYoungGen      total 37888K, used 5088K [0x00000000d5580000, 0x00000000d7f80000, 0x0000000100000000)
  eden space 32768K, 0% used [0x00000000d5580000,0x00000000d5580000,0x00000000d7580000)
  from space 5120K, 99% used [0x00000000d7a80000,0x00000000d7f78020,0x00000000d7f80000)
  to   space 5120K, 0% used [0x00000000d7580000,0x00000000d7580000,0x00000000d7a80000)
 ParOldGen       total 86016K, used 2800K [0x0000000080000000, 0x0000000085400000, 0x00000000d5580000)
  object space 86016K, 3% used [0x0000000080000000,0x00000000802bc388,0x0000000085400000)
 Metaspace       used 14455K, capacity 14998K, committed 15232K, reserved 1062912K
  class space    used 1976K, capacity 2121K, committed 2176K, reserved 1048576K
}

Deoptimization events (10 events):
Event: 7.909 Thread 0x0000000019eed800 Uncommon trap: reason=unstable_if action=reinterpret pc=0x0000000003164c1c method=java.util.concurrent.ConcurrentHashMap.putVal(Ljava/lang/Object;Ljava/lang/Object;Z)Ljava/lang/Object; @ 206
Event: 8.025 Thread 0x000000001a36e000 Uncommon trap: reason=unstable_if action=reinterpret pc=0x00000000031e69c4 method=java.io.DataInputStream.readUTF(Ljava/io/DataInput;)Ljava/lang/String; @ 31
Event: 8.055 Thread 0x0000000019fe3800 Uncommon trap: reason=bimorphic action=maybe_recompile pc=0x00000000030148c8 method=java.util.HashMap.putVal(ILjava/lang/Object;Ljava/lang/Object;ZZ)Ljava/lang/Object; @ 253
Event: 8.056 Thread 0x0000000019fe3800 Uncommon trap: reason=bimorphic action=maybe_recompile pc=0x00000000030148c8 method=java.util.HashMap.putVal(ILjava/lang/Object;Ljava/lang/Object;ZZ)Ljava/lang/Object; @ 253
Event: 8.056 Thread 0x0000000019fe3800 Uncommon trap: reason=bimorphic action=maybe_recompile pc=0x00000000030148c8 method=java.util.HashMap.putVal(ILjava/lang/Object;Ljava/lang/Object;ZZ)Ljava/lang/Object; @ 253
Event: 8.056 Thread 0x0000000019fe3800 Uncommon trap: reason=bimorphic action=maybe_recompile pc=0x00000000030148c8 method=java.util.HashMap.putVal(ILjava/lang/Object;Ljava/lang/Object;ZZ)Ljava/lang/Object; @ 253
Event: 8.717 Thread 0x0000000019fe3800 Uncommon trap: reason=class_check action=maybe_recompile pc=0x0000000003086018 method=java.util.regex.Matcher.match(II)Z @ 86
Event: 8.760 Thread 0x0000000019fe3800 Uncommon trap: reason=class_check action=maybe_recompile pc=0x0000000003086018 method=java.util.regex.Matcher.match(II)Z @ 86
Event: 8.761 Thread 0x0000000019fe3800 Uncommon trap: reason=class_check action=maybe_recompile pc=0x0000000003086018 method=java.util.regex.Matcher.match(II)Z @ 86
Event: 8.761 Thread 0x0000000019fe3800 Uncommon trap: reason=class_check action=maybe_recompile pc=0x0000000002ee9f4c method=java.util.regex.Matcher.match(II)Z @ 86

Classes redefined (0 events):
No events

Internal exceptions (10 events):
Event: 2.794 Thread 0x0000000002c1e800 Exception <a 'java/lang/ArrayIndexOutOfBoundsException'> (0x00000000d6bc2708) thrown at [C:\src\AOSP-openjdk-git\hotspot\src\share\vm\runtime\sharedRuntime.cpp, line 605]
Event: 2.798 Thread 0x0000000002c1e800 Exception <a 'java/lang/ArrayIndexOutOfBoundsException'> (0x00000000d6bda700) thrown at [C:\src\AOSP-openjdk-git\hotspot\src\share\vm\runtime\sharedRuntime.cpp, line 605]
Event: 7.717 Thread 0x0000000002c1e800 Exception <a 'java/io/IOException'> (0x00000000d74f9db8) thrown at [C:\src\AOSP-openjdk-git\hotspot\src\share\vm\prims\jni.cpp, line 710]
Event: 7.911 Thread 0x0000000019eed800 Exception <a 'java/lang/NoSuchMethodError': <clinit>> (0x00000000d57564e8) thrown at [C:\src\AOSP-openjdk-git\hotspot\src\share\vm\prims\jni.cpp, line 1615]
Event: 7.914 Thread 0x0000000019eed800 Exception <a 'java/lang/NoSuchMethodError': <clinit>> (0x00000000d575fbf0) thrown at [C:\src\AOSP-openjdk-git\hotspot\src\share\vm\prims\jni.cpp, line 1615]
Event: 7.917 Thread 0x0000000019eed800 Exception <a 'java/lang/NoSuchMethodError': <clinit>> (0x00000000d5796c68) thrown at [C:\src\AOSP-openjdk-git\hotspot\src\share\vm\prims\jni.cpp, line 1615]
Event: 7.952 Thread 0x0000000019eed800 Exception <a 'java/lang/NoSuchMethodError': <clinit>> (0x00000000d5803e28) thrown at [C:\src\AOSP-openjdk-git\hotspot\src\share\vm\prims\jni.cpp, line 1615]
Event: 7.972 Thread 0x0000000019eed800 Exception <a 'java/lang/NoSuchMethodError': <clinit>> (0x00000000d583e380) thrown at [C:\src\AOSP-openjdk-git\hotspot\src\share\vm\prims\jni.cpp, line 1615]
Event: 7.982 Thread 0x0000000019eed800 Exception <a 'java/lang/NoSuchMethodError': <clinit>> (0x00000000d5874488) thrown at [C:\src\AOSP-openjdk-git\hotspot\src\share\vm\prims\jni.cpp, line 1615]
Event: 7.987 Thread 0x0000000019eed800 Exception <a 'java/lang/NoSuchMethodError': <clinit>> (0x00000000d58809e8) thrown at [C:\src\AOSP-openjdk-git\hotspot\src\share\vm\prims\jni.cpp, line 1615]

Events (10 events):
Event: 9.461 loading class org/gradle/internal/vfs/DefaultAdditiveCacheLocations
Event: 9.461 loading class org/gradle/internal/vfs/DefaultAdditiveCacheLocations done
Event: 9.461 loading class org/gradle/internal/file/DefaultFileHierarchySet
Event: 9.461 loading class org/gradle/internal/file/DefaultFileHierarchySet done
Event: 9.463 loading class org/gradle/internal/file/FileHierarchySet
Event: 9.463 loading class org/gradle/internal/file/FileHierarchySet done
Event: 9.463 loading class org/gradle/internal/file/DefaultFileHierarchySet$EmptyFileHierarchySet
Event: 9.463 loading class org/gradle/internal/file/DefaultFileHierarchySet$EmptyFileHierarchySet done
Event: 9.464 loading class org/gradle/internal/file/DefaultFileHierarchySet$PrefixFileSet
Event: 9.464 loading class org/gradle/internal/file/DefaultFileHierarchySet$PrefixFileSet done


Dynamic libraries:
0x00007ff703b30000 - 0x00007ff703b61000 	C:\Program Files\Android\Android Studio\jre\bin\java.exe
0x00007ffe07c90000 - 0x00007ffe07e85000 	C:\WINDOWS\SYSTEM32\ntdll.dll
0x00007ffe07a30000 - 0x00007ffe07aed000 	C:\WINDOWS\System32\KERNEL32.DLL
0x00007ffe055e0000 - 0x00007ffe058a9000 	C:\WINDOWS\System32\KERNELBASE.dll
0x00007ffe07230000 - 0x00007ffe072dc000 	C:\WINDOWS\System32\ADVAPI32.dll
0x00007ffe07990000 - 0x00007ffe07a2e000 	C:\WINDOWS\System32\msvcrt.dll
0x00007ffe05f20000 - 0x00007ffe05fbc000 	C:\WINDOWS\System32\sechost.dll
0x00007ffe07b20000 - 0x00007ffe07c4b000 	C:\WINDOWS\System32\RPCRT4.dll
0x00007ffe077e0000 - 0x00007ffe07980000 	C:\WINDOWS\System32\USER32.dll
0x00007ffe05930000 - 0x00007ffe05952000 	C:\WINDOWS\System32\win32u.dll
0x00007ffe07af0000 - 0x00007ffe07b1a000 	C:\WINDOWS\System32\GDI32.dll
0x00007ffe05470000 - 0x00007ffe0557b000 	C:\WINDOWS\System32\gdi32full.dll
0x00007ffe053d0000 - 0x00007ffe0546d000 	C:\WINDOWS\System32\msvcp_win.dll
0x00007ffe05b70000 - 0x00007ffe05c70000 	C:\WINDOWS\System32\ucrtbase.dll
0x00007ffdf8e60000 - 0x00007ffdf90fa000 	C:\WINDOWS\WinSxS\amd64_microsoft.windows.common-controls_6595b64144ccf1df_6.0.19041.844_none_ca00b6081b84eb1d\COMCTL32.dll
0x00007ffe065f0000 - 0x00007ffe06620000 	C:\WINDOWS\System32\IMM32.DLL
0x00000000714d0000 - 0x00000000715a2000 	C:\Program Files\Android\Android Studio\jre\jre\bin\msvcr100.dll
0x000000006fa60000 - 0x00000000702ab000 	C:\Program Files\Android\Android Studio\jre\jre\bin\server\jvm.dll
0x00007ffe05fc0000 - 0x00007ffe05fc8000 	C:\WINDOWS\System32\PSAPI.DLL
0x00007ffdff5c0000 - 0x00007ffdff5c9000 	C:\WINDOWS\SYSTEM32\WSOCK32.dll
0x00007ffe067e0000 - 0x00007ffe0684b000 	C:\WINDOWS\System32\WS2_32.dll
0x00007ffdfc390000 - 0x00007ffdfc3b7000 	C:\WINDOWS\SYSTEM32\WINMM.dll
0x00007ffdfa420000 - 0x00007ffdfa42a000 	C:\WINDOWS\SYSTEM32\VERSION.dll
0x00007ffdfe800000 - 0x00007ffdfe80f000 	C:\Program Files\Android\Android Studio\jre\jre\bin\verify.dll
0x00007ffdd65f0000 - 0x00007ffdd6619000 	C:\Program Files\Android\Android Studio\jre\jre\bin\java.dll
0x00007ffdd63e0000 - 0x00007ffdd63f6000 	C:\Program Files\Android\Android Studio\jre\jre\bin\zip.dll
0x00007ffe06ae0000 - 0x00007ffe07222000 	C:\WINDOWS\System32\SHELL32.dll
0x00007ffe033e0000 - 0x00007ffe03b70000 	C:\WINDOWS\SYSTEM32\windows.storage.dll
0x00007ffe07480000 - 0x00007ffe077d5000 	C:\WINDOWS\System32\combase.dll
0x00007ffe04d70000 - 0x00007ffe04d9c000 	C:\WINDOWS\SYSTEM32\Wldp.dll
0x00007ffe066a0000 - 0x00007ffe0674e000 	C:\WINDOWS\System32\SHCORE.dll
0x00007ffe073c0000 - 0x00007ffe07415000 	C:\WINDOWS\System32\shlwapi.dll
0x00007ffe05310000 - 0x00007ffe0532f000 	C:\WINDOWS\SYSTEM32\profapi.dll
0x00007ffdd4c30000 - 0x00007ffdd4c4a000 	C:\Program Files\Android\Android Studio\jre\jre\bin\net.dll
0x00007ffe04af0000 - 0x00007ffe04b5a000 	C:\WINDOWS\system32\mswsock.dll
0x00007ffdd2c80000 - 0x00007ffdd2c93000 	C:\Program Files\Android\Android Studio\jre\jre\bin\nio.dll
0x00007ffdff990000 - 0x00007ffdff9b7000 	C:\Users\PC User\.gradle\native\f6784746aeab05261644944871eae4fe03e0ef1612fff0a4a95f87b438bc6780\windows-amd64\native-platform.dll
0x00007ffdffba0000 - 0x00007ffdffbad000 	C:\Program Files\Android\Android Studio\jre\jre\bin\management.dll
0x00007ffe04cc0000 - 0x00007ffe04cd8000 	C:\WINDOWS\SYSTEM32\CRYPTSP.dll
0x00007ffe04490000 - 0x00007ffe044c4000 	C:\WINDOWS\system32\rsaenh.dll
0x00007ffe05c70000 - 0x00007ffe05c97000 	C:\WINDOWS\System32\bcrypt.dll
0x00007ffe052d0000 - 0x00007ffe052fe000 	C:\WINDOWS\SYSTEM32\USERENV.dll
0x00007ffe058b0000 - 0x00007ffe05930000 	C:\WINDOWS\System32\bcryptprimitives.dll
0x00007ffe04ce0000 - 0x00007ffe04cec000 	C:\WINDOWS\SYSTEM32\CRYPTBASE.dll
0x00007ffe047e0000 - 0x00007ffe0481b000 	C:\WINDOWS\SYSTEM32\IPHLPAPI.DLL
0x00007ffe07980000 - 0x00007ffe07988000 	C:\WINDOWS\System32\NSI.dll
0x00007ffdfe940000 - 0x00007ffdfe957000 	C:\WINDOWS\SYSTEM32\dhcpcsvc6.DLL
0x00007ffdfec40000 - 0x00007ffdfec5d000 	C:\WINDOWS\SYSTEM32\dhcpcsvc.DLL
0x00007ffe04820000 - 0x00007ffe048eb000 	C:\WINDOWS\SYSTEM32\DNSAPI.dll
0x00007ffdff2d0000 - 0x00007ffdff2db000 	C:\WINDOWS\SYSTEM32\WINNSI.DLL

VM Arguments:
jvm_args: -Xmx2048m -Dfile.encoding=UTF-8 -Duser.country=PH -Duser.language=en -Duser.variant 
java_command: org.gradle.launcher.daemon.bootstrap.GradleDaemon 6.5
java_class_path (initial): C:\Users\PC User\.gradle\wrapper\dists\gradle-6.5-bin\6nifqtx7604sqp1q6g8wikw7p\gradle-6.5\lib\gradle-launcher-6.5.jar
Launcher Type: SUN_STANDARD

Environment Variables:
PATH=C:\WINDOWS\system32;C:\WINDOWS;C:\WINDOWS\System32\Wbem;C:\WINDOWS\System32\WindowsPowerShell\v1.0\;C:\WINDOWS\System32\OpenSSH\;C:\Program Files\dotnet\;C:\Program Files\Microsoft SQL Server\130\Tools\Binn\;C:\Program Files\Microsoft SQL Server\Client SDK\ODBC\170\Tools\Binn\;C:\Program Files (x86)\Microsoft SQL Server\140\Tools\Binn\;C:\Program Files\Microsoft SQL Server\140\Tools\Binn\;C:\Program Files (x86)\Microsoft SQL Server\140\DTS\Binn\;C:\Program Files\Microsoft SQL Server\140\DTS\Binn\;C:\Program Files\Microsoft SQL Server\Client SDK\ODBC\130\Tools\Binn\;C:\Program Files (x86)\Microsoft SQL Server\150\DTS\Binn\;C:\Program Files (x86)\Microsoft SQL Server\150\Tools\Binn\;C:\Program Files\Microsoft SQL Server\150\Tools\Binn\;C:\Program Files\Microsoft SQL Server\150\DTS\Binn\;C:\Program Files\Azure Data Studio\bin;C:\Users\PC User\AppData\Local\Microsoft\WindowsApps;C:\Users\PC User\.dotnet\tools;C:\Users\PC User\AppData\Local\Microsoft\WindowsApps;;C:\Program Files\Azure Data Studio\bin
USERNAME=PC User
OS=Windows_NT
PROCESSOR_IDENTIFIER=Intel64 Family 6 Model 58 Stepping 9, GenuineIntel



---------------  S Y S T E M  ---------------

OS: Windows 10.0 , 64 bit Build 19041 (10.0.19041.804)

CPU:total 4 (initial active 4) (2 cores per cpu, 2 threads per core) family 6 model 58 stepping 9, cmov, cx8, fxsr, mmx, sse, sse2, sse3, ssse3, sse4.1, sse4.2, popcnt, avx, aes, clmul, erms, ht, tsc, tscinvbit, tscinv

Memory: 4k page, physical 8203112k(281672k free), swap 33368936k(3540k free)

vm_info: OpenJDK 64-Bit Server VM (25.242-b01) for windows-amd64 JRE (1.8.0_242-release-1644-b01), built by "builder" with MS VC++ 10.0 (VS2010)

time: Sun Mar 28 07:49:50 2021
timezone: Malay Peninsula Standard Time
elapsed time: 9 seconds (0d 0h 0m 9s)

